pytest tests/
============================= test session starts ==============================
platform darwin -- Python 3.11.11, pytest-8.3.5, pluggy-1.5.0
rootdir: /Users/harshshroff/Library/Mobile Documents/com~apple~CloudDocs/Downloads/Ecommerce_Assistant_Challenge 2025
plugins: anyio-4.4.0
collected 8 items

tests/test_chat.py FFF                                                   [ 37%]
tests/test_connectivity.py E                                             [ 50%]
tests/test_orders.py ..                                                  [ 75%]
tests/test_products.py FF                                                [100%]

==================================== ERRORS ====================================
_________________ ERROR at setup of test_service_connectivity __________________
file /Users/harshshroff/Library/Mobile Documents/com~apple~CloudDocs/Downloads/Ecommerce_Assistant_Challenge 2025/tests/test_connectivity.py, line 5
  def test_service_connectivity(service_name, url, endpoint="/health"):
E       fixture 'service_name' not found
>       available fixtures: anyio_backend, anyio_backend_name, anyio_backend_options, cache, capfd, capfdbinary, caplog, capsys, capsysbinary, doctest_namespace, monkeypatch, pytestconfig, record_property, record_testsuite_property, record_xml_attribute, recwarn, tmp_path, tmp_path_factory, tmpdir, tmpdir_factory
>       use 'pytest --fixtures [testpath]' for help on them.

/Users/harshshroff/Library/Mobile Documents/com~apple~CloudDocs/Downloads/Ecommerce_Assistant_Challenge 2025/tests/test_connectivity.py:5
=================================== FAILURES ===================================
________________ TestChatService.test_chat_endpoint_order_query ________________

self = <urllib3.connection.HTTPSConnection object at 0x1062cee50>

    def _new_conn(self):
        """Establish a socket connection and set nodelay settings on it.
    
        :return: New socket connection.
        """
        extra_kw = {}
        if self.source_address:
            extra_kw["source_address"] = self.source_address
    
        if self.socket_options:
            extra_kw["socket_options"] = self.socket_options
    
        try:
>           conn = connection.create_connection(
                (self._dns_host, self.port), self.timeout, **extra_kw
            )

/opt/homebrew/lib/python3.11/site-packages/urllib3/connection.py:174: 
_ _ _ _ _ _ _ _ _ _ _ _ _ _ _ _ _ _ _ _ _ _ _ _ _ _ _ _ _ _ _ _ _ _ _ _ _ _ _ _ 
/opt/homebrew/lib/python3.11/site-packages/urllib3/util/connection.py:72: in create_connection
    for res in socket.getaddrinfo(host, port, family, socket.SOCK_STREAM):
_ _ _ _ _ _ _ _ _ _ _ _ _ _ _ _ _ _ _ _ _ _ _ _ _ _ _ _ _ _ _ _ _ _ _ _ _ _ _ _ 

host = 'ecommerce-chat-service.fly.dev', port = 443
family = <AddressFamily.AF_UNSPEC: 0>, type = <SocketKind.SOCK_STREAM: 1>
proto = 0, flags = 0

    def getaddrinfo(host, port, family=0, type=0, proto=0, flags=0):
        """Resolve host and port into list of address info entries.
    
        Translate the host/port argument into a sequence of 5-tuples that contain
        all the necessary arguments for creating a socket connected to that service.
        host is a domain name, a string representation of an IPv4/v6 address or
        None. port is a string service name such as 'http', a numeric port number or
        None. By passing None as the value of host and port, you can pass NULL to
        the underlying C API.
    
        The family, type and proto arguments can be optionally specified in order to
        narrow the list of addresses returned. Passing zero as a value for each of
        these arguments selects the full range of results.
        """
        # We override this function since we want to translate the numeric family
        # and socket type values to enum constants.
        addrlist = []
>       for res in _socket.getaddrinfo(host, port, family, type, proto, flags):
E       socket.gaierror: [Errno 8] nodename nor servname provided, or not known

/opt/homebrew/Cellar/python@3.11/3.11.11/Frameworks/Python.framework/Versions/3.11/lib/python3.11/socket.py:974: gaierror

During handling of the above exception, another exception occurred:

self = <urllib3.connectionpool.HTTPSConnectionPool object at 0x106602750>
method = 'POST', url = '/chat'
body = b'{"message": "Check my order with customer ID 37077"}'
headers = {'User-Agent': 'python-requests/2.31.0', 'Accept-Encoding': 'gzip, deflate', 'Accept': '*/*', 'Connection': 'keep-alive', 'Content-Length': '52', 'Content-Type': 'application/json'}
retries = Retry(total=0, connect=None, read=False, redirect=None, status=None)
redirect = False, assert_same_host = False
timeout = Timeout(connect=10, read=10, total=None), pool_timeout = None
release_conn = False, chunked = False, body_pos = None
response_kw = {'decode_content': False, 'preload_content': False}
parsed_url = Url(scheme=None, auth=None, host=None, port=None, path='/chat', query=None, fragment=None)
destination_scheme = None, conn = None, release_this_conn = True
http_tunnel_required = False, err = None, clean_exit = False

    def urlopen(
        self,
        method,
        url,
        body=None,
        headers=None,
        retries=None,
        redirect=True,
        assert_same_host=True,
        timeout=_Default,
        pool_timeout=None,
        release_conn=None,
        chunked=False,
        body_pos=None,
        **response_kw
    ):
        """
        Get a connection from the pool and perform an HTTP request. This is the
        lowest level call for making a request, so you'll need to specify all
        the raw details.
    
        .. note::
    
           More commonly, it's appropriate to use a convenience method provided
           by :class:`.RequestMethods`, such as :meth:`request`.
    
        .. note::
    
           `release_conn` will only behave as expected if
           `preload_content=False` because we want to make
           `preload_content=False` the default behaviour someday soon without
           breaking backwards compatibility.
    
        :param method:
            HTTP request method (such as GET, POST, PUT, etc.)
    
        :param url:
            The URL to perform the request on.
    
        :param body:
            Data to send in the request body, either :class:`str`, :class:`bytes`,
            an iterable of :class:`str`/:class:`bytes`, or a file-like object.
    
        :param headers:
            Dictionary of custom headers to send, such as User-Agent,
            If-None-Match, etc. If None, pool headers are used. If provided,
            these headers completely replace any pool-specific headers.
    
        :param retries:
            Configure the number of retries to allow before raising a
            :class:`~urllib3.exceptions.MaxRetryError` exception.
    
            Pass ``None`` to retry until you receive a response. Pass a
            :class:`~urllib3.util.retry.Retry` object for fine-grained control
            over different types of retries.
            Pass an integer number to retry connection errors that many times,
            but no other types of errors. Pass zero to never retry.
    
            If ``False``, then retries are disabled and any exception is raised
            immediately. Also, instead of raising a MaxRetryError on redirects,
            the redirect response will be returned.
    
        :type retries: :class:`~urllib3.util.retry.Retry`, False, or an int.
    
        :param redirect:
            If True, automatically handle redirects (status codes 301, 302,
            303, 307, 308). Each redirect counts as a retry. Disabling retries
            will disable redirect, too.
    
        :param assert_same_host:
            If ``True``, will make sure that the host of the pool requests is
            consistent else will raise HostChangedError. When ``False``, you can
            use the pool on an HTTP proxy and request foreign hosts.
    
        :param timeout:
            If specified, overrides the default timeout for this one
            request. It may be a float (in seconds) or an instance of
            :class:`urllib3.util.Timeout`.
    
        :param pool_timeout:
            If set and the pool is set to block=True, then this method will
            block for ``pool_timeout`` seconds and raise EmptyPoolError if no
            connection is available within the time period.
    
        :param release_conn:
            If False, then the urlopen call will not release the connection
            back into the pool once a response is received (but will release if
            you read the entire contents of the response such as when
            `preload_content=True`). This is useful if you're not preloading
            the response's content immediately. You will need to call
            ``r.release_conn()`` on the response ``r`` to return the connection
            back into the pool. If None, it takes the value of
            ``response_kw.get('preload_content', True)``.
    
        :param chunked:
            If True, urllib3 will send the body using chunked transfer
            encoding. Otherwise, urllib3 will send the body using the standard
            content-length form. Defaults to False.
    
        :param int body_pos:
            Position to seek to in file-like body in the event of a retry or
            redirect. Typically this won't need to be set because urllib3 will
            auto-populate the value when needed.
    
        :param \\**response_kw:
            Additional parameters are passed to
            :meth:`urllib3.response.HTTPResponse.from_httplib`
        """
    
        parsed_url = parse_url(url)
        destination_scheme = parsed_url.scheme
    
        if headers is None:
            headers = self.headers
    
        if not isinstance(retries, Retry):
            retries = Retry.from_int(retries, redirect=redirect, default=self.retries)
    
        if release_conn is None:
            release_conn = response_kw.get("preload_content", True)
    
        # Check host
        if assert_same_host and not self.is_same_host(url):
            raise HostChangedError(self, url, retries)
    
        # Ensure that the URL we're connecting to is properly encoded
        if url.startswith("/"):
            url = six.ensure_str(_encode_target(url))
        else:
            url = six.ensure_str(parsed_url.url)
    
        conn = None
    
        # Track whether `conn` needs to be released before
        # returning/raising/recursing. Update this variable if necessary, and
        # leave `release_conn` constant throughout the function. That way, if
        # the function recurses, the original value of `release_conn` will be
        # passed down into the recursive call, and its value will be respected.
        #
        # See issue #651 [1] for details.
        #
        # [1] <https://github.com/urllib3/urllib3/issues/651>
        release_this_conn = release_conn
    
        http_tunnel_required = connection_requires_http_tunnel(
            self.proxy, self.proxy_config, destination_scheme
        )
    
        # Merge the proxy headers. Only done when not using HTTP CONNECT. We
        # have to copy the headers dict so we can safely change it without those
        # changes being reflected in anyone else's copy.
        if not http_tunnel_required:
            headers = headers.copy()
            headers.update(self.proxy_headers)
    
        # Must keep the exception bound to a separate variable or else Python 3
        # complains about UnboundLocalError.
        err = None
    
        # Keep track of whether we cleanly exited the except block. This
        # ensures we do proper cleanup in finally.
        clean_exit = False
    
        # Rewind body position, if needed. Record current position
        # for future rewinds in the event of a redirect/retry.
        body_pos = set_file_position(body, body_pos)
    
        try:
            # Request a connection from the queue.
            timeout_obj = self._get_timeout(timeout)
            conn = self._get_conn(timeout=pool_timeout)
    
            conn.timeout = timeout_obj.connect_timeout
    
            is_new_proxy_conn = self.proxy is not None and not getattr(
                conn, "sock", None
            )
            if is_new_proxy_conn and http_tunnel_required:
                self._prepare_proxy(conn)
    
            # Make the request on the httplib connection object.
>           httplib_response = self._make_request(
                conn,
                method,
                url,
                timeout=timeout_obj,
                body=body,
                headers=headers,
                chunked=chunked,
            )

/opt/homebrew/lib/python3.11/site-packages/urllib3/connectionpool.py:716: 
_ _ _ _ _ _ _ _ _ _ _ _ _ _ _ _ _ _ _ _ _ _ _ _ _ _ _ _ _ _ _ _ _ _ _ _ _ _ _ _ 
/opt/homebrew/lib/python3.11/site-packages/urllib3/connectionpool.py:404: in _make_request
    self._validate_conn(conn)
/opt/homebrew/lib/python3.11/site-packages/urllib3/connectionpool.py:1061: in _validate_conn
    conn.connect()
/opt/homebrew/lib/python3.11/site-packages/urllib3/connection.py:363: in connect
    self.sock = conn = self._new_conn()
_ _ _ _ _ _ _ _ _ _ _ _ _ _ _ _ _ _ _ _ _ _ _ _ _ _ _ _ _ _ _ _ _ _ _ _ _ _ _ _ 

self = <urllib3.connection.HTTPSConnection object at 0x1062cee50>

    def _new_conn(self):
        """Establish a socket connection and set nodelay settings on it.
    
        :return: New socket connection.
        """
        extra_kw = {}
        if self.source_address:
            extra_kw["source_address"] = self.source_address
    
        if self.socket_options:
            extra_kw["socket_options"] = self.socket_options
    
        try:
            conn = connection.create_connection(
                (self._dns_host, self.port), self.timeout, **extra_kw
            )
    
        except SocketTimeout:
            raise ConnectTimeoutError(
                self,
                "Connection to %s timed out. (connect timeout=%s)"
                % (self.host, self.timeout),
            )
    
        except SocketError as e:
>           raise NewConnectionError(
                self, "Failed to establish a new connection: %s" % e
            )
E           urllib3.exceptions.NewConnectionError: <urllib3.connection.HTTPSConnection object at 0x1062cee50>: Failed to establish a new connection: [Errno 8] nodename nor servname provided, or not known

/opt/homebrew/lib/python3.11/site-packages/urllib3/connection.py:186: NewConnectionError

During handling of the above exception, another exception occurred:

self = <requests.adapters.HTTPAdapter object at 0x106600490>
request = <PreparedRequest [POST]>, stream = False
timeout = Timeout(connect=10, read=10, total=None), verify = True, cert = None
proxies = OrderedDict()

    def send(
        self, request, stream=False, timeout=None, verify=True, cert=None, proxies=None
    ):
        """Sends PreparedRequest object. Returns Response object.
    
        :param request: The :class:`PreparedRequest <PreparedRequest>` being sent.
        :param stream: (optional) Whether to stream the request content.
        :param timeout: (optional) How long to wait for the server to send
            data before giving up, as a float, or a :ref:`(connect timeout,
            read timeout) <timeouts>` tuple.
        :type timeout: float or tuple or urllib3 Timeout object
        :param verify: (optional) Either a boolean, in which case it controls whether
            we verify the server's TLS certificate, or a string, in which case it
            must be a path to a CA bundle to use
        :param cert: (optional) Any user-provided SSL certificate to be trusted.
        :param proxies: (optional) The proxies dictionary to apply to the request.
        :rtype: requests.Response
        """
    
        try:
            conn = self.get_connection(request.url, proxies)
        except LocationValueError as e:
            raise InvalidURL(e, request=request)
    
        self.cert_verify(conn, request.url, verify, cert)
        url = self.request_url(request, proxies)
        self.add_headers(
            request,
            stream=stream,
            timeout=timeout,
            verify=verify,
            cert=cert,
            proxies=proxies,
        )
    
        chunked = not (request.body is None or "Content-Length" in request.headers)
    
        if isinstance(timeout, tuple):
            try:
                connect, read = timeout
                timeout = TimeoutSauce(connect=connect, read=read)
            except ValueError:
                raise ValueError(
                    f"Invalid timeout {timeout}. Pass a (connect, read) timeout tuple, "
                    f"or a single float to set both timeouts to the same value."
                )
        elif isinstance(timeout, TimeoutSauce):
            pass
        else:
            timeout = TimeoutSauce(connect=timeout, read=timeout)
    
        try:
>           resp = conn.urlopen(
                method=request.method,
                url=url,
                body=request.body,
                headers=request.headers,
                redirect=False,
                assert_same_host=False,
                preload_content=False,
                decode_content=False,
                retries=self.max_retries,
                timeout=timeout,
                chunked=chunked,
            )

/opt/homebrew/lib/python3.11/site-packages/requests/adapters.py:486: 
_ _ _ _ _ _ _ _ _ _ _ _ _ _ _ _ _ _ _ _ _ _ _ _ _ _ _ _ _ _ _ _ _ _ _ _ _ _ _ _ 
/opt/homebrew/lib/python3.11/site-packages/urllib3/connectionpool.py:802: in urlopen
    retries = retries.increment(
_ _ _ _ _ _ _ _ _ _ _ _ _ _ _ _ _ _ _ _ _ _ _ _ _ _ _ _ _ _ _ _ _ _ _ _ _ _ _ _ 

self = Retry(total=0, connect=None, read=False, redirect=None, status=None)
method = 'POST', url = '/chat', response = None
error = NewConnectionError('<urllib3.connection.HTTPSConnection object at 0x1062cee50>: Failed to establish a new connection: [Errno 8] nodename nor servname provided, or not known')
_pool = <urllib3.connectionpool.HTTPSConnectionPool object at 0x106602750>
_stacktrace = <traceback object at 0x1066032c0>

    def increment(
        self,
        method=None,
        url=None,
        response=None,
        error=None,
        _pool=None,
        _stacktrace=None,
    ):
        """Return a new Retry object with incremented retry counters.
    
        :param response: A response object, or None, if the server did not
            return a response.
        :type response: :class:`~urllib3.response.HTTPResponse`
        :param Exception error: An error encountered during the request, or
            None if the response was received successfully.
    
        :return: A new ``Retry`` object.
        """
        if self.total is False and error:
            # Disabled, indicate to re-raise the error.
            raise six.reraise(type(error), error, _stacktrace)
    
        total = self.total
        if total is not None:
            total -= 1
    
        connect = self.connect
        read = self.read
        redirect = self.redirect
        status_count = self.status
        other = self.other
        cause = "unknown"
        status = None
        redirect_location = None
    
        if error and self._is_connection_error(error):
            # Connect retry?
            if connect is False:
                raise six.reraise(type(error), error, _stacktrace)
            elif connect is not None:
                connect -= 1
    
        elif error and self._is_read_error(error):
            # Read retry?
            if read is False or not self._is_method_retryable(method):
                raise six.reraise(type(error), error, _stacktrace)
            elif read is not None:
                read -= 1
    
        elif error:
            # Other retry?
            if other is not None:
                other -= 1
    
        elif response and response.get_redirect_location():
            # Redirect retry?
            if redirect is not None:
                redirect -= 1
            cause = "too many redirects"
            redirect_location = response.get_redirect_location()
            status = response.status
    
        else:
            # Incrementing because of a server error like a 500 in
            # status_forcelist and the given method is in the allowed_methods
            cause = ResponseError.GENERIC_ERROR
            if response and response.status:
                if status_count is not None:
                    status_count -= 1
                cause = ResponseError.SPECIFIC_ERROR.format(status_code=response.status)
                status = response.status
    
        history = self.history + (
            RequestHistory(method, url, error, status, redirect_location),
        )
    
        new_retry = self.new(
            total=total,
            connect=connect,
            read=read,
            redirect=redirect,
            status=status_count,
            other=other,
            history=history,
        )
    
        if new_retry.is_exhausted():
>           raise MaxRetryError(_pool, url, error or ResponseError(cause))
E           urllib3.exceptions.MaxRetryError: HTTPSConnectionPool(host='ecommerce-chat-service.fly.dev', port=443): Max retries exceeded with url: /chat (Caused by NewConnectionError('<urllib3.connection.HTTPSConnection object at 0x1062cee50>: Failed to establish a new connection: [Errno 8] nodename nor servname provided, or not known'))

/opt/homebrew/lib/python3.11/site-packages/urllib3/util/retry.py:594: MaxRetryError

During handling of the above exception, another exception occurred:

self = <test_chat.TestChatService testMethod=test_chat_endpoint_order_query>

    def test_chat_endpoint_order_query(self):
        """Test if the chat endpoint handles order queries"""
        try:
            payload = {'message': 'Check my order with customer ID 37077'}
>           response = requests.post(f"{self.base_url}/chat", json=payload, timeout=10)

tests/test_chat.py:42: 
_ _ _ _ _ _ _ _ _ _ _ _ _ _ _ _ _ _ _ _ _ _ _ _ _ _ _ _ _ _ _ _ _ _ _ _ _ _ _ _ 
/opt/homebrew/lib/python3.11/site-packages/requests/api.py:115: in post
    return request("post", url, data=data, json=json, **kwargs)
/opt/homebrew/lib/python3.11/site-packages/requests/api.py:59: in request
    return session.request(method=method, url=url, **kwargs)
/opt/homebrew/lib/python3.11/site-packages/requests/sessions.py:589: in request
    resp = self.send(prep, **send_kwargs)
/opt/homebrew/lib/python3.11/site-packages/requests/sessions.py:703: in send
    r = adapter.send(request, **kwargs)
_ _ _ _ _ _ _ _ _ _ _ _ _ _ _ _ _ _ _ _ _ _ _ _ _ _ _ _ _ _ _ _ _ _ _ _ _ _ _ _ 

self = <requests.adapters.HTTPAdapter object at 0x106600490>
request = <PreparedRequest [POST]>, stream = False
timeout = Timeout(connect=10, read=10, total=None), verify = True, cert = None
proxies = OrderedDict()

    def send(
        self, request, stream=False, timeout=None, verify=True, cert=None, proxies=None
    ):
        """Sends PreparedRequest object. Returns Response object.
    
        :param request: The :class:`PreparedRequest <PreparedRequest>` being sent.
        :param stream: (optional) Whether to stream the request content.
        :param timeout: (optional) How long to wait for the server to send
            data before giving up, as a float, or a :ref:`(connect timeout,
            read timeout) <timeouts>` tuple.
        :type timeout: float or tuple or urllib3 Timeout object
        :param verify: (optional) Either a boolean, in which case it controls whether
            we verify the server's TLS certificate, or a string, in which case it
            must be a path to a CA bundle to use
        :param cert: (optional) Any user-provided SSL certificate to be trusted.
        :param proxies: (optional) The proxies dictionary to apply to the request.
        :rtype: requests.Response
        """
    
        try:
            conn = self.get_connection(request.url, proxies)
        except LocationValueError as e:
            raise InvalidURL(e, request=request)
    
        self.cert_verify(conn, request.url, verify, cert)
        url = self.request_url(request, proxies)
        self.add_headers(
            request,
            stream=stream,
            timeout=timeout,
            verify=verify,
            cert=cert,
            proxies=proxies,
        )
    
        chunked = not (request.body is None or "Content-Length" in request.headers)
    
        if isinstance(timeout, tuple):
            try:
                connect, read = timeout
                timeout = TimeoutSauce(connect=connect, read=read)
            except ValueError:
                raise ValueError(
                    f"Invalid timeout {timeout}. Pass a (connect, read) timeout tuple, "
                    f"or a single float to set both timeouts to the same value."
                )
        elif isinstance(timeout, TimeoutSauce):
            pass
        else:
            timeout = TimeoutSauce(connect=timeout, read=timeout)
    
        try:
            resp = conn.urlopen(
                method=request.method,
                url=url,
                body=request.body,
                headers=request.headers,
                redirect=False,
                assert_same_host=False,
                preload_content=False,
                decode_content=False,
                retries=self.max_retries,
                timeout=timeout,
                chunked=chunked,
            )
    
        except (ProtocolError, OSError) as err:
            raise ConnectionError(err, request=request)
    
        except MaxRetryError as e:
            if isinstance(e.reason, ConnectTimeoutError):
                # TODO: Remove this in 3.0.0: see #2811
                if not isinstance(e.reason, NewConnectionError):
                    raise ConnectTimeout(e, request=request)
    
            if isinstance(e.reason, ResponseError):
                raise RetryError(e, request=request)
    
            if isinstance(e.reason, _ProxyError):
                raise ProxyError(e, request=request)
    
            if isinstance(e.reason, _SSLError):
                # This branch is for urllib3 v1.22 and later.
                raise SSLError(e, request=request)
    
>           raise ConnectionError(e, request=request)
E           requests.exceptions.ConnectionError: HTTPSConnectionPool(host='ecommerce-chat-service.fly.dev', port=443): Max retries exceeded with url: /chat (Caused by NewConnectionError('<urllib3.connection.HTTPSConnection object at 0x1062cee50>: Failed to establish a new connection: [Errno 8] nodename nor servname provided, or not known'))

/opt/homebrew/lib/python3.11/site-packages/requests/adapters.py:519: ConnectionError

During handling of the above exception, another exception occurred:

self = <test_chat.TestChatService testMethod=test_chat_endpoint_order_query>

    def test_chat_endpoint_order_query(self):
        """Test if the chat endpoint handles order queries"""
        try:
            payload = {'message': 'Check my order with customer ID 37077'}
            response = requests.post(f"{self.base_url}/chat", json=payload, timeout=10)
            self.assertEqual(response.status_code, 200)
            data = response.json()
            print(f"âœ… Chat endpoint processed order query")
            print(f"Response: {json.dumps(data, indent=2)}")
        except requests.exceptions.RequestException as e:
>           self.fail(f"Chat endpoint order query test failed: {str(e)}")
E           AssertionError: Chat endpoint order query test failed: HTTPSConnectionPool(host='ecommerce-chat-service.fly.dev', port=443): Max retries exceeded with url: /chat (Caused by NewConnectionError('<urllib3.connection.HTTPSConnection object at 0x1062cee50>: Failed to establish a new connection: [Errno 8] nodename nor servname provided, or not known'))

tests/test_chat.py:48: AssertionError
_______________ TestChatService.test_chat_endpoint_product_query _______________

self = <urllib3.connection.HTTPSConnection object at 0x106dae9d0>

    def _new_conn(self):
        """Establish a socket connection and set nodelay settings on it.
    
        :return: New socket connection.
        """
        extra_kw = {}
        if self.source_address:
            extra_kw["source_address"] = self.source_address
    
        if self.socket_options:
            extra_kw["socket_options"] = self.socket_options
    
        try:
>           conn = connection.create_connection(
                (self._dns_host, self.port), self.timeout, **extra_kw
            )

/opt/homebrew/lib/python3.11/site-packages/urllib3/connection.py:174: 
_ _ _ _ _ _ _ _ _ _ _ _ _ _ _ _ _ _ _ _ _ _ _ _ _ _ _ _ _ _ _ _ _ _ _ _ _ _ _ _ 
/opt/homebrew/lib/python3.11/site-packages/urllib3/util/connection.py:72: in create_connection
    for res in socket.getaddrinfo(host, port, family, socket.SOCK_STREAM):
_ _ _ _ _ _ _ _ _ _ _ _ _ _ _ _ _ _ _ _ _ _ _ _ _ _ _ _ _ _ _ _ _ _ _ _ _ _ _ _ 

host = 'ecommerce-chat-service.fly.dev', port = 443
family = <AddressFamily.AF_UNSPEC: 0>, type = <SocketKind.SOCK_STREAM: 1>
proto = 0, flags = 0

    def getaddrinfo(host, port, family=0, type=0, proto=0, flags=0):
        """Resolve host and port into list of address info entries.
    
        Translate the host/port argument into a sequence of 5-tuples that contain
        all the necessary arguments for creating a socket connected to that service.
        host is a domain name, a string representation of an IPv4/v6 address or
        None. port is a string service name such as 'http', a numeric port number or
        None. By passing None as the value of host and port, you can pass NULL to
        the underlying C API.
    
        The family, type and proto arguments can be optionally specified in order to
        narrow the list of addresses returned. Passing zero as a value for each of
        these arguments selects the full range of results.
        """
        # We override this function since we want to translate the numeric family
        # and socket type values to enum constants.
        addrlist = []
>       for res in _socket.getaddrinfo(host, port, family, type, proto, flags):
E       socket.gaierror: [Errno 8] nodename nor servname provided, or not known

/opt/homebrew/Cellar/python@3.11/3.11.11/Frameworks/Python.framework/Versions/3.11/lib/python3.11/socket.py:974: gaierror

During handling of the above exception, another exception occurred:

self = <urllib3.connectionpool.HTTPSConnectionPool object at 0x106dae750>
method = 'POST', url = '/chat'
body = b'{"message": "Show me microphones under $30"}'
headers = {'User-Agent': 'python-requests/2.31.0', 'Accept-Encoding': 'gzip, deflate', 'Accept': '*/*', 'Connection': 'keep-alive', 'Content-Length': '44', 'Content-Type': 'application/json'}
retries = Retry(total=0, connect=None, read=False, redirect=None, status=None)
redirect = False, assert_same_host = False
timeout = Timeout(connect=10, read=10, total=None), pool_timeout = None
release_conn = False, chunked = False, body_pos = None
response_kw = {'decode_content': False, 'preload_content': False}
parsed_url = Url(scheme=None, auth=None, host=None, port=None, path='/chat', query=None, fragment=None)
destination_scheme = None, conn = None, release_this_conn = True
http_tunnel_required = False, err = None, clean_exit = False

    def urlopen(
        self,
        method,
        url,
        body=None,
        headers=None,
        retries=None,
        redirect=True,
        assert_same_host=True,
        timeout=_Default,
        pool_timeout=None,
        release_conn=None,
        chunked=False,
        body_pos=None,
        **response_kw
    ):
        """
        Get a connection from the pool and perform an HTTP request. This is the
        lowest level call for making a request, so you'll need to specify all
        the raw details.
    
        .. note::
    
           More commonly, it's appropriate to use a convenience method provided
           by :class:`.RequestMethods`, such as :meth:`request`.
    
        .. note::
    
           `release_conn` will only behave as expected if
           `preload_content=False` because we want to make
           `preload_content=False` the default behaviour someday soon without
           breaking backwards compatibility.
    
        :param method:
            HTTP request method (such as GET, POST, PUT, etc.)
    
        :param url:
            The URL to perform the request on.
    
        :param body:
            Data to send in the request body, either :class:`str`, :class:`bytes`,
            an iterable of :class:`str`/:class:`bytes`, or a file-like object.
    
        :param headers:
            Dictionary of custom headers to send, such as User-Agent,
            If-None-Match, etc. If None, pool headers are used. If provided,
            these headers completely replace any pool-specific headers.
    
        :param retries:
            Configure the number of retries to allow before raising a
            :class:`~urllib3.exceptions.MaxRetryError` exception.
    
            Pass ``None`` to retry until you receive a response. Pass a
            :class:`~urllib3.util.retry.Retry` object for fine-grained control
            over different types of retries.
            Pass an integer number to retry connection errors that many times,
            but no other types of errors. Pass zero to never retry.
    
            If ``False``, then retries are disabled and any exception is raised
            immediately. Also, instead of raising a MaxRetryError on redirects,
            the redirect response will be returned.
    
        :type retries: :class:`~urllib3.util.retry.Retry`, False, or an int.
    
        :param redirect:
            If True, automatically handle redirects (status codes 301, 302,
            303, 307, 308). Each redirect counts as a retry. Disabling retries
            will disable redirect, too.
    
        :param assert_same_host:
            If ``True``, will make sure that the host of the pool requests is
            consistent else will raise HostChangedError. When ``False``, you can
            use the pool on an HTTP proxy and request foreign hosts.
    
        :param timeout:
            If specified, overrides the default timeout for this one
            request. It may be a float (in seconds) or an instance of
            :class:`urllib3.util.Timeout`.
    
        :param pool_timeout:
            If set and the pool is set to block=True, then this method will
            block for ``pool_timeout`` seconds and raise EmptyPoolError if no
            connection is available within the time period.
    
        :param release_conn:
            If False, then the urlopen call will not release the connection
            back into the pool once a response is received (but will release if
            you read the entire contents of the response such as when
            `preload_content=True`). This is useful if you're not preloading
            the response's content immediately. You will need to call
            ``r.release_conn()`` on the response ``r`` to return the connection
            back into the pool. If None, it takes the value of
            ``response_kw.get('preload_content', True)``.
    
        :param chunked:
            If True, urllib3 will send the body using chunked transfer
            encoding. Otherwise, urllib3 will send the body using the standard
            content-length form. Defaults to False.
    
        :param int body_pos:
            Position to seek to in file-like body in the event of a retry or
            redirect. Typically this won't need to be set because urllib3 will
            auto-populate the value when needed.
    
        :param \\**response_kw:
            Additional parameters are passed to
            :meth:`urllib3.response.HTTPResponse.from_httplib`
        """
    
        parsed_url = parse_url(url)
        destination_scheme = parsed_url.scheme
    
        if headers is None:
            headers = self.headers
    
        if not isinstance(retries, Retry):
            retries = Retry.from_int(retries, redirect=redirect, default=self.retries)
    
        if release_conn is None:
            release_conn = response_kw.get("preload_content", True)
    
        # Check host
        if assert_same_host and not self.is_same_host(url):
            raise HostChangedError(self, url, retries)
    
        # Ensure that the URL we're connecting to is properly encoded
        if url.startswith("/"):
            url = six.ensure_str(_encode_target(url))
        else:
            url = six.ensure_str(parsed_url.url)
    
        conn = None
    
        # Track whether `conn` needs to be released before
        # returning/raising/recursing. Update this variable if necessary, and
        # leave `release_conn` constant throughout the function. That way, if
        # the function recurses, the original value of `release_conn` will be
        # passed down into the recursive call, and its value will be respected.
        #
        # See issue #651 [1] for details.
        #
        # [1] <https://github.com/urllib3/urllib3/issues/651>
        release_this_conn = release_conn
    
        http_tunnel_required = connection_requires_http_tunnel(
            self.proxy, self.proxy_config, destination_scheme
        )
    
        # Merge the proxy headers. Only done when not using HTTP CONNECT. We
        # have to copy the headers dict so we can safely change it without those
        # changes being reflected in anyone else's copy.
        if not http_tunnel_required:
            headers = headers.copy()
            headers.update(self.proxy_headers)
    
        # Must keep the exception bound to a separate variable or else Python 3
        # complains about UnboundLocalError.
        err = None
    
        # Keep track of whether we cleanly exited the except block. This
        # ensures we do proper cleanup in finally.
        clean_exit = False
    
        # Rewind body position, if needed. Record current position
        # for future rewinds in the event of a redirect/retry.
        body_pos = set_file_position(body, body_pos)
    
        try:
            # Request a connection from the queue.
            timeout_obj = self._get_timeout(timeout)
            conn = self._get_conn(timeout=pool_timeout)
    
            conn.timeout = timeout_obj.connect_timeout
    
            is_new_proxy_conn = self.proxy is not None and not getattr(
                conn, "sock", None
            )
            if is_new_proxy_conn and http_tunnel_required:
                self._prepare_proxy(conn)
    
            # Make the request on the httplib connection object.
>           httplib_response = self._make_request(
                conn,
                method,
                url,
                timeout=timeout_obj,
                body=body,
                headers=headers,
                chunked=chunked,
            )

/opt/homebrew/lib/python3.11/site-packages/urllib3/connectionpool.py:716: 
_ _ _ _ _ _ _ _ _ _ _ _ _ _ _ _ _ _ _ _ _ _ _ _ _ _ _ _ _ _ _ _ _ _ _ _ _ _ _ _ 
/opt/homebrew/lib/python3.11/site-packages/urllib3/connectionpool.py:404: in _make_request
    self._validate_conn(conn)
/opt/homebrew/lib/python3.11/site-packages/urllib3/connectionpool.py:1061: in _validate_conn
    conn.connect()
/opt/homebrew/lib/python3.11/site-packages/urllib3/connection.py:363: in connect
    self.sock = conn = self._new_conn()
_ _ _ _ _ _ _ _ _ _ _ _ _ _ _ _ _ _ _ _ _ _ _ _ _ _ _ _ _ _ _ _ _ _ _ _ _ _ _ _ 

self = <urllib3.connection.HTTPSConnection object at 0x106dae9d0>

    def _new_conn(self):
        """Establish a socket connection and set nodelay settings on it.
    
        :return: New socket connection.
        """
        extra_kw = {}
        if self.source_address:
            extra_kw["source_address"] = self.source_address
    
        if self.socket_options:
            extra_kw["socket_options"] = self.socket_options
    
        try:
            conn = connection.create_connection(
                (self._dns_host, self.port), self.timeout, **extra_kw
            )
    
        except SocketTimeout:
            raise ConnectTimeoutError(
                self,
                "Connection to %s timed out. (connect timeout=%s)"
                % (self.host, self.timeout),
            )
    
        except SocketError as e:
>           raise NewConnectionError(
                self, "Failed to establish a new connection: %s" % e
            )
E           urllib3.exceptions.NewConnectionError: <urllib3.connection.HTTPSConnection object at 0x106dae9d0>: Failed to establish a new connection: [Errno 8] nodename nor servname provided, or not known

/opt/homebrew/lib/python3.11/site-packages/urllib3/connection.py:186: NewConnectionError

During handling of the above exception, another exception occurred:

self = <requests.adapters.HTTPAdapter object at 0x106dad290>
request = <PreparedRequest [POST]>, stream = False
timeout = Timeout(connect=10, read=10, total=None), verify = True, cert = None
proxies = OrderedDict()

    def send(
        self, request, stream=False, timeout=None, verify=True, cert=None, proxies=None
    ):
        """Sends PreparedRequest object. Returns Response object.
    
        :param request: The :class:`PreparedRequest <PreparedRequest>` being sent.
        :param stream: (optional) Whether to stream the request content.
        :param timeout: (optional) How long to wait for the server to send
            data before giving up, as a float, or a :ref:`(connect timeout,
            read timeout) <timeouts>` tuple.
        :type timeout: float or tuple or urllib3 Timeout object
        :param verify: (optional) Either a boolean, in which case it controls whether
            we verify the server's TLS certificate, or a string, in which case it
            must be a path to a CA bundle to use
        :param cert: (optional) Any user-provided SSL certificate to be trusted.
        :param proxies: (optional) The proxies dictionary to apply to the request.
        :rtype: requests.Response
        """
    
        try:
            conn = self.get_connection(request.url, proxies)
        except LocationValueError as e:
            raise InvalidURL(e, request=request)
    
        self.cert_verify(conn, request.url, verify, cert)
        url = self.request_url(request, proxies)
        self.add_headers(
            request,
            stream=stream,
            timeout=timeout,
            verify=verify,
            cert=cert,
            proxies=proxies,
        )
    
        chunked = not (request.body is None or "Content-Length" in request.headers)
    
        if isinstance(timeout, tuple):
            try:
                connect, read = timeout
                timeout = TimeoutSauce(connect=connect, read=read)
            except ValueError:
                raise ValueError(
                    f"Invalid timeout {timeout}. Pass a (connect, read) timeout tuple, "
                    f"or a single float to set both timeouts to the same value."
                )
        elif isinstance(timeout, TimeoutSauce):
            pass
        else:
            timeout = TimeoutSauce(connect=timeout, read=timeout)
    
        try:
>           resp = conn.urlopen(
                method=request.method,
                url=url,
                body=request.body,
                headers=request.headers,
                redirect=False,
                assert_same_host=False,
                preload_content=False,
                decode_content=False,
                retries=self.max_retries,
                timeout=timeout,
                chunked=chunked,
            )

/opt/homebrew/lib/python3.11/site-packages/requests/adapters.py:486: 
_ _ _ _ _ _ _ _ _ _ _ _ _ _ _ _ _ _ _ _ _ _ _ _ _ _ _ _ _ _ _ _ _ _ _ _ _ _ _ _ 
/opt/homebrew/lib/python3.11/site-packages/urllib3/connectionpool.py:802: in urlopen
    retries = retries.increment(
_ _ _ _ _ _ _ _ _ _ _ _ _ _ _ _ _ _ _ _ _ _ _ _ _ _ _ _ _ _ _ _ _ _ _ _ _ _ _ _ 

self = Retry(total=0, connect=None, read=False, redirect=None, status=None)
method = 'POST', url = '/chat', response = None
error = NewConnectionError('<urllib3.connection.HTTPSConnection object at 0x106dae9d0>: Failed to establish a new connection: [Errno 8] nodename nor servname provided, or not known')
_pool = <urllib3.connectionpool.HTTPSConnectionPool object at 0x106dae750>
_stacktrace = <traceback object at 0x106daeb80>

    def increment(
        self,
        method=None,
        url=None,
        response=None,
        error=None,
        _pool=None,
        _stacktrace=None,
    ):
        """Return a new Retry object with incremented retry counters.
    
        :param response: A response object, or None, if the server did not
            return a response.
        :type response: :class:`~urllib3.response.HTTPResponse`
        :param Exception error: An error encountered during the request, or
            None if the response was received successfully.
    
        :return: A new ``Retry`` object.
        """
        if self.total is False and error:
            # Disabled, indicate to re-raise the error.
            raise six.reraise(type(error), error, _stacktrace)
    
        total = self.total
        if total is not None:
            total -= 1
    
        connect = self.connect
        read = self.read
        redirect = self.redirect
        status_count = self.status
        other = self.other
        cause = "unknown"
        status = None
        redirect_location = None
    
        if error and self._is_connection_error(error):
            # Connect retry?
            if connect is False:
                raise six.reraise(type(error), error, _stacktrace)
            elif connect is not None:
                connect -= 1
    
        elif error and self._is_read_error(error):
            # Read retry?
            if read is False or not self._is_method_retryable(method):
                raise six.reraise(type(error), error, _stacktrace)
            elif read is not None:
                read -= 1
    
        elif error:
            # Other retry?
            if other is not None:
                other -= 1
    
        elif response and response.get_redirect_location():
            # Redirect retry?
            if redirect is not None:
                redirect -= 1
            cause = "too many redirects"
            redirect_location = response.get_redirect_location()
            status = response.status
    
        else:
            # Incrementing because of a server error like a 500 in
            # status_forcelist and the given method is in the allowed_methods
            cause = ResponseError.GENERIC_ERROR
            if response and response.status:
                if status_count is not None:
                    status_count -= 1
                cause = ResponseError.SPECIFIC_ERROR.format(status_code=response.status)
                status = response.status
    
        history = self.history + (
            RequestHistory(method, url, error, status, redirect_location),
        )
    
        new_retry = self.new(
            total=total,
            connect=connect,
            read=read,
            redirect=redirect,
            status=status_count,
            other=other,
            history=history,
        )
    
        if new_retry.is_exhausted():
>           raise MaxRetryError(_pool, url, error or ResponseError(cause))
E           urllib3.exceptions.MaxRetryError: HTTPSConnectionPool(host='ecommerce-chat-service.fly.dev', port=443): Max retries exceeded with url: /chat (Caused by NewConnectionError('<urllib3.connection.HTTPSConnection object at 0x106dae9d0>: Failed to establish a new connection: [Errno 8] nodename nor servname provided, or not known'))

/opt/homebrew/lib/python3.11/site-packages/urllib3/util/retry.py:594: MaxRetryError

During handling of the above exception, another exception occurred:

self = <test_chat.TestChatService testMethod=test_chat_endpoint_product_query>

    def test_chat_endpoint_product_query(self):
        """Test if the chat endpoint handles product queries"""
        try:
            payload = {'message': 'Show me microphones under $30'}
>           response = requests.post(f"{self.base_url}/chat", json=payload, timeout=10)

tests/test_chat.py:30: 
_ _ _ _ _ _ _ _ _ _ _ _ _ _ _ _ _ _ _ _ _ _ _ _ _ _ _ _ _ _ _ _ _ _ _ _ _ _ _ _ 
/opt/homebrew/lib/python3.11/site-packages/requests/api.py:115: in post
    return request("post", url, data=data, json=json, **kwargs)
/opt/homebrew/lib/python3.11/site-packages/requests/api.py:59: in request
    return session.request(method=method, url=url, **kwargs)
/opt/homebrew/lib/python3.11/site-packages/requests/sessions.py:589: in request
    resp = self.send(prep, **send_kwargs)
/opt/homebrew/lib/python3.11/site-packages/requests/sessions.py:703: in send
    r = adapter.send(request, **kwargs)
_ _ _ _ _ _ _ _ _ _ _ _ _ _ _ _ _ _ _ _ _ _ _ _ _ _ _ _ _ _ _ _ _ _ _ _ _ _ _ _ 

self = <requests.adapters.HTTPAdapter object at 0x106dad290>
request = <PreparedRequest [POST]>, stream = False
timeout = Timeout(connect=10, read=10, total=None), verify = True, cert = None
proxies = OrderedDict()

    def send(
        self, request, stream=False, timeout=None, verify=True, cert=None, proxies=None
    ):
        """Sends PreparedRequest object. Returns Response object.
    
        :param request: The :class:`PreparedRequest <PreparedRequest>` being sent.
        :param stream: (optional) Whether to stream the request content.
        :param timeout: (optional) How long to wait for the server to send
            data before giving up, as a float, or a :ref:`(connect timeout,
            read timeout) <timeouts>` tuple.
        :type timeout: float or tuple or urllib3 Timeout object
        :param verify: (optional) Either a boolean, in which case it controls whether
            we verify the server's TLS certificate, or a string, in which case it
            must be a path to a CA bundle to use
        :param cert: (optional) Any user-provided SSL certificate to be trusted.
        :param proxies: (optional) The proxies dictionary to apply to the request.
        :rtype: requests.Response
        """
    
        try:
            conn = self.get_connection(request.url, proxies)
        except LocationValueError as e:
            raise InvalidURL(e, request=request)
    
        self.cert_verify(conn, request.url, verify, cert)
        url = self.request_url(request, proxies)
        self.add_headers(
            request,
            stream=stream,
            timeout=timeout,
            verify=verify,
            cert=cert,
            proxies=proxies,
        )
    
        chunked = not (request.body is None or "Content-Length" in request.headers)
    
        if isinstance(timeout, tuple):
            try:
                connect, read = timeout
                timeout = TimeoutSauce(connect=connect, read=read)
            except ValueError:
                raise ValueError(
                    f"Invalid timeout {timeout}. Pass a (connect, read) timeout tuple, "
                    f"or a single float to set both timeouts to the same value."
                )
        elif isinstance(timeout, TimeoutSauce):
            pass
        else:
            timeout = TimeoutSauce(connect=timeout, read=timeout)
    
        try:
            resp = conn.urlopen(
                method=request.method,
                url=url,
                body=request.body,
                headers=request.headers,
                redirect=False,
                assert_same_host=False,
                preload_content=False,
                decode_content=False,
                retries=self.max_retries,
                timeout=timeout,
                chunked=chunked,
            )
    
        except (ProtocolError, OSError) as err:
            raise ConnectionError(err, request=request)
    
        except MaxRetryError as e:
            if isinstance(e.reason, ConnectTimeoutError):
                # TODO: Remove this in 3.0.0: see #2811
                if not isinstance(e.reason, NewConnectionError):
                    raise ConnectTimeout(e, request=request)
    
            if isinstance(e.reason, ResponseError):
                raise RetryError(e, request=request)
    
            if isinstance(e.reason, _ProxyError):
                raise ProxyError(e, request=request)
    
            if isinstance(e.reason, _SSLError):
                # This branch is for urllib3 v1.22 and later.
                raise SSLError(e, request=request)
    
>           raise ConnectionError(e, request=request)
E           requests.exceptions.ConnectionError: HTTPSConnectionPool(host='ecommerce-chat-service.fly.dev', port=443): Max retries exceeded with url: /chat (Caused by NewConnectionError('<urllib3.connection.HTTPSConnection object at 0x106dae9d0>: Failed to establish a new connection: [Errno 8] nodename nor servname provided, or not known'))

/opt/homebrew/lib/python3.11/site-packages/requests/adapters.py:519: ConnectionError

During handling of the above exception, another exception occurred:

self = <test_chat.TestChatService testMethod=test_chat_endpoint_product_query>

    def test_chat_endpoint_product_query(self):
        """Test if the chat endpoint handles product queries"""
        try:
            payload = {'message': 'Show me microphones under $30'}
            response = requests.post(f"{self.base_url}/chat", json=payload, timeout=10)
            self.assertEqual(response.status_code, 200)
            data = response.json()
            print(f"âœ… Chat endpoint processed product query")
            print(f"Response: {json.dumps(data, indent=2)}")
        except requests.exceptions.RequestException as e:
>           self.fail(f"Chat endpoint product query test failed: {str(e)}")
E           AssertionError: Chat endpoint product query test failed: HTTPSConnectionPool(host='ecommerce-chat-service.fly.dev', port=443): Max retries exceeded with url: /chat (Caused by NewConnectionError('<urllib3.connection.HTTPSConnection object at 0x106dae9d0>: Failed to establish a new connection: [Errno 8] nodename nor servname provided, or not known'))

tests/test_chat.py:36: AssertionError
_____________________ TestChatService.test_health_endpoint _____________________

self = <urllib3.connection.HTTPSConnection object at 0x106d471d0>

    def _new_conn(self):
        """Establish a socket connection and set nodelay settings on it.
    
        :return: New socket connection.
        """
        extra_kw = {}
        if self.source_address:
            extra_kw["source_address"] = self.source_address
    
        if self.socket_options:
            extra_kw["socket_options"] = self.socket_options
    
        try:
>           conn = connection.create_connection(
                (self._dns_host, self.port), self.timeout, **extra_kw
            )

/opt/homebrew/lib/python3.11/site-packages/urllib3/connection.py:174: 
_ _ _ _ _ _ _ _ _ _ _ _ _ _ _ _ _ _ _ _ _ _ _ _ _ _ _ _ _ _ _ _ _ _ _ _ _ _ _ _ 
/opt/homebrew/lib/python3.11/site-packages/urllib3/util/connection.py:72: in create_connection
    for res in socket.getaddrinfo(host, port, family, socket.SOCK_STREAM):
_ _ _ _ _ _ _ _ _ _ _ _ _ _ _ _ _ _ _ _ _ _ _ _ _ _ _ _ _ _ _ _ _ _ _ _ _ _ _ _ 

host = 'ecommerce-chat-service.fly.dev', port = 443
family = <AddressFamily.AF_UNSPEC: 0>, type = <SocketKind.SOCK_STREAM: 1>
proto = 0, flags = 0

    def getaddrinfo(host, port, family=0, type=0, proto=0, flags=0):
        """Resolve host and port into list of address info entries.
    
        Translate the host/port argument into a sequence of 5-tuples that contain
        all the necessary arguments for creating a socket connected to that service.
        host is a domain name, a string representation of an IPv4/v6 address or
        None. port is a string service name such as 'http', a numeric port number or
        None. By passing None as the value of host and port, you can pass NULL to
        the underlying C API.
    
        The family, type and proto arguments can be optionally specified in order to
        narrow the list of addresses returned. Passing zero as a value for each of
        these arguments selects the full range of results.
        """
        # We override this function since we want to translate the numeric family
        # and socket type values to enum constants.
        addrlist = []
>       for res in _socket.getaddrinfo(host, port, family, type, proto, flags):
E       socket.gaierror: [Errno 8] nodename nor servname provided, or not known

/opt/homebrew/Cellar/python@3.11/3.11.11/Frameworks/Python.framework/Versions/3.11/lib/python3.11/socket.py:974: gaierror

During handling of the above exception, another exception occurred:

self = <urllib3.connectionpool.HTTPSConnectionPool object at 0x106d45e10>
method = 'GET', url = '/health', body = None
headers = {'User-Agent': 'python-requests/2.31.0', 'Accept-Encoding': 'gzip, deflate', 'Accept': '*/*', 'Connection': 'keep-alive'}
retries = Retry(total=0, connect=None, read=False, redirect=None, status=None)
redirect = False, assert_same_host = False
timeout = Timeout(connect=5, read=5, total=None), pool_timeout = None
release_conn = False, chunked = False, body_pos = None
response_kw = {'decode_content': False, 'preload_content': False}
parsed_url = Url(scheme=None, auth=None, host=None, port=None, path='/health', query=None, fragment=None)
destination_scheme = None, conn = None, release_this_conn = True
http_tunnel_required = False, err = None, clean_exit = False

    def urlopen(
        self,
        method,
        url,
        body=None,
        headers=None,
        retries=None,
        redirect=True,
        assert_same_host=True,
        timeout=_Default,
        pool_timeout=None,
        release_conn=None,
        chunked=False,
        body_pos=None,
        **response_kw
    ):
        """
        Get a connection from the pool and perform an HTTP request. This is the
        lowest level call for making a request, so you'll need to specify all
        the raw details.
    
        .. note::
    
           More commonly, it's appropriate to use a convenience method provided
           by :class:`.RequestMethods`, such as :meth:`request`.
    
        .. note::
    
           `release_conn` will only behave as expected if
           `preload_content=False` because we want to make
           `preload_content=False` the default behaviour someday soon without
           breaking backwards compatibility.
    
        :param method:
            HTTP request method (such as GET, POST, PUT, etc.)
    
        :param url:
            The URL to perform the request on.
    
        :param body:
            Data to send in the request body, either :class:`str`, :class:`bytes`,
            an iterable of :class:`str`/:class:`bytes`, or a file-like object.
    
        :param headers:
            Dictionary of custom headers to send, such as User-Agent,
            If-None-Match, etc. If None, pool headers are used. If provided,
            these headers completely replace any pool-specific headers.
    
        :param retries:
            Configure the number of retries to allow before raising a
            :class:`~urllib3.exceptions.MaxRetryError` exception.
    
            Pass ``None`` to retry until you receive a response. Pass a
            :class:`~urllib3.util.retry.Retry` object for fine-grained control
            over different types of retries.
            Pass an integer number to retry connection errors that many times,
            but no other types of errors. Pass zero to never retry.
    
            If ``False``, then retries are disabled and any exception is raised
            immediately. Also, instead of raising a MaxRetryError on redirects,
            the redirect response will be returned.
    
        :type retries: :class:`~urllib3.util.retry.Retry`, False, or an int.
    
        :param redirect:
            If True, automatically handle redirects (status codes 301, 302,
            303, 307, 308). Each redirect counts as a retry. Disabling retries
            will disable redirect, too.
    
        :param assert_same_host:
            If ``True``, will make sure that the host of the pool requests is
            consistent else will raise HostChangedError. When ``False``, you can
            use the pool on an HTTP proxy and request foreign hosts.
    
        :param timeout:
            If specified, overrides the default timeout for this one
            request. It may be a float (in seconds) or an instance of
            :class:`urllib3.util.Timeout`.
    
        :param pool_timeout:
            If set and the pool is set to block=True, then this method will
            block for ``pool_timeout`` seconds and raise EmptyPoolError if no
            connection is available within the time period.
    
        :param release_conn:
            If False, then the urlopen call will not release the connection
            back into the pool once a response is received (but will release if
            you read the entire contents of the response such as when
            `preload_content=True`). This is useful if you're not preloading
            the response's content immediately. You will need to call
            ``r.release_conn()`` on the response ``r`` to return the connection
            back into the pool. If None, it takes the value of
            ``response_kw.get('preload_content', True)``.
    
        :param chunked:
            If True, urllib3 will send the body using chunked transfer
            encoding. Otherwise, urllib3 will send the body using the standard
            content-length form. Defaults to False.
    
        :param int body_pos:
            Position to seek to in file-like body in the event of a retry or
            redirect. Typically this won't need to be set because urllib3 will
            auto-populate the value when needed.
    
        :param \\**response_kw:
            Additional parameters are passed to
            :meth:`urllib3.response.HTTPResponse.from_httplib`
        """
    
        parsed_url = parse_url(url)
        destination_scheme = parsed_url.scheme
    
        if headers is None:
            headers = self.headers
    
        if not isinstance(retries, Retry):
            retries = Retry.from_int(retries, redirect=redirect, default=self.retries)
    
        if release_conn is None:
            release_conn = response_kw.get("preload_content", True)
    
        # Check host
        if assert_same_host and not self.is_same_host(url):
            raise HostChangedError(self, url, retries)
    
        # Ensure that the URL we're connecting to is properly encoded
        if url.startswith("/"):
            url = six.ensure_str(_encode_target(url))
        else:
            url = six.ensure_str(parsed_url.url)
    
        conn = None
    
        # Track whether `conn` needs to be released before
        # returning/raising/recursing. Update this variable if necessary, and
        # leave `release_conn` constant throughout the function. That way, if
        # the function recurses, the original value of `release_conn` will be
        # passed down into the recursive call, and its value will be respected.
        #
        # See issue #651 [1] for details.
        #
        # [1] <https://github.com/urllib3/urllib3/issues/651>
        release_this_conn = release_conn
    
        http_tunnel_required = connection_requires_http_tunnel(
            self.proxy, self.proxy_config, destination_scheme
        )
    
        # Merge the proxy headers. Only done when not using HTTP CONNECT. We
        # have to copy the headers dict so we can safely change it without those
        # changes being reflected in anyone else's copy.
        if not http_tunnel_required:
            headers = headers.copy()
            headers.update(self.proxy_headers)
    
        # Must keep the exception bound to a separate variable or else Python 3
        # complains about UnboundLocalError.
        err = None
    
        # Keep track of whether we cleanly exited the except block. This
        # ensures we do proper cleanup in finally.
        clean_exit = False
    
        # Rewind body position, if needed. Record current position
        # for future rewinds in the event of a redirect/retry.
        body_pos = set_file_position(body, body_pos)
    
        try:
            # Request a connection from the queue.
            timeout_obj = self._get_timeout(timeout)
            conn = self._get_conn(timeout=pool_timeout)
    
            conn.timeout = timeout_obj.connect_timeout
    
            is_new_proxy_conn = self.proxy is not None and not getattr(
                conn, "sock", None
            )
            if is_new_proxy_conn and http_tunnel_required:
                self._prepare_proxy(conn)
    
            # Make the request on the httplib connection object.
>           httplib_response = self._make_request(
                conn,
                method,
                url,
                timeout=timeout_obj,
                body=body,
                headers=headers,
                chunked=chunked,
            )

/opt/homebrew/lib/python3.11/site-packages/urllib3/connectionpool.py:716: 
_ _ _ _ _ _ _ _ _ _ _ _ _ _ _ _ _ _ _ _ _ _ _ _ _ _ _ _ _ _ _ _ _ _ _ _ _ _ _ _ 
/opt/homebrew/lib/python3.11/site-packages/urllib3/connectionpool.py:404: in _make_request
    self._validate_conn(conn)
/opt/homebrew/lib/python3.11/site-packages/urllib3/connectionpool.py:1061: in _validate_conn
    conn.connect()
/opt/homebrew/lib/python3.11/site-packages/urllib3/connection.py:363: in connect
    self.sock = conn = self._new_conn()
_ _ _ _ _ _ _ _ _ _ _ _ _ _ _ _ _ _ _ _ _ _ _ _ _ _ _ _ _ _ _ _ _ _ _ _ _ _ _ _ 

self = <urllib3.connection.HTTPSConnection object at 0x106d471d0>

    def _new_conn(self):
        """Establish a socket connection and set nodelay settings on it.
    
        :return: New socket connection.
        """
        extra_kw = {}
        if self.source_address:
            extra_kw["source_address"] = self.source_address
    
        if self.socket_options:
            extra_kw["socket_options"] = self.socket_options
    
        try:
            conn = connection.create_connection(
                (self._dns_host, self.port), self.timeout, **extra_kw
            )
    
        except SocketTimeout:
            raise ConnectTimeoutError(
                self,
                "Connection to %s timed out. (connect timeout=%s)"
                % (self.host, self.timeout),
            )
    
        except SocketError as e:
>           raise NewConnectionError(
                self, "Failed to establish a new connection: %s" % e
            )
E           urllib3.exceptions.NewConnectionError: <urllib3.connection.HTTPSConnection object at 0x106d471d0>: Failed to establish a new connection: [Errno 8] nodename nor servname provided, or not known

/opt/homebrew/lib/python3.11/site-packages/urllib3/connection.py:186: NewConnectionError

During handling of the above exception, another exception occurred:

self = <requests.adapters.HTTPAdapter object at 0x106d44f50>
request = <PreparedRequest [GET]>, stream = False
timeout = Timeout(connect=5, read=5, total=None), verify = True, cert = None
proxies = OrderedDict()

    def send(
        self, request, stream=False, timeout=None, verify=True, cert=None, proxies=None
    ):
        """Sends PreparedRequest object. Returns Response object.
    
        :param request: The :class:`PreparedRequest <PreparedRequest>` being sent.
        :param stream: (optional) Whether to stream the request content.
        :param timeout: (optional) How long to wait for the server to send
            data before giving up, as a float, or a :ref:`(connect timeout,
            read timeout) <timeouts>` tuple.
        :type timeout: float or tuple or urllib3 Timeout object
        :param verify: (optional) Either a boolean, in which case it controls whether
            we verify the server's TLS certificate, or a string, in which case it
            must be a path to a CA bundle to use
        :param cert: (optional) Any user-provided SSL certificate to be trusted.
        :param proxies: (optional) The proxies dictionary to apply to the request.
        :rtype: requests.Response
        """
    
        try:
            conn = self.get_connection(request.url, proxies)
        except LocationValueError as e:
            raise InvalidURL(e, request=request)
    
        self.cert_verify(conn, request.url, verify, cert)
        url = self.request_url(request, proxies)
        self.add_headers(
            request,
            stream=stream,
            timeout=timeout,
            verify=verify,
            cert=cert,
            proxies=proxies,
        )
    
        chunked = not (request.body is None or "Content-Length" in request.headers)
    
        if isinstance(timeout, tuple):
            try:
                connect, read = timeout
                timeout = TimeoutSauce(connect=connect, read=read)
            except ValueError:
                raise ValueError(
                    f"Invalid timeout {timeout}. Pass a (connect, read) timeout tuple, "
                    f"or a single float to set both timeouts to the same value."
                )
        elif isinstance(timeout, TimeoutSauce):
            pass
        else:
            timeout = TimeoutSauce(connect=timeout, read=timeout)
    
        try:
>           resp = conn.urlopen(
                method=request.method,
                url=url,
                body=request.body,
                headers=request.headers,
                redirect=False,
                assert_same_host=False,
                preload_content=False,
                decode_content=False,
                retries=self.max_retries,
                timeout=timeout,
                chunked=chunked,
            )

/opt/homebrew/lib/python3.11/site-packages/requests/adapters.py:486: 
_ _ _ _ _ _ _ _ _ _ _ _ _ _ _ _ _ _ _ _ _ _ _ _ _ _ _ _ _ _ _ _ _ _ _ _ _ _ _ _ 
/opt/homebrew/lib/python3.11/site-packages/urllib3/connectionpool.py:802: in urlopen
    retries = retries.increment(
_ _ _ _ _ _ _ _ _ _ _ _ _ _ _ _ _ _ _ _ _ _ _ _ _ _ _ _ _ _ _ _ _ _ _ _ _ _ _ _ 

self = Retry(total=0, connect=None, read=False, redirect=None, status=None)
method = 'GET', url = '/health', response = None
error = NewConnectionError('<urllib3.connection.HTTPSConnection object at 0x106d471d0>: Failed to establish a new connection: [Errno 8] nodename nor servname provided, or not known')
_pool = <urllib3.connectionpool.HTTPSConnectionPool object at 0x106d45e10>
_stacktrace = <traceback object at 0x106d472c0>

    def increment(
        self,
        method=None,
        url=None,
        response=None,
        error=None,
        _pool=None,
        _stacktrace=None,
    ):
        """Return a new Retry object with incremented retry counters.
    
        :param response: A response object, or None, if the server did not
            return a response.
        :type response: :class:`~urllib3.response.HTTPResponse`
        :param Exception error: An error encountered during the request, or
            None if the response was received successfully.
    
        :return: A new ``Retry`` object.
        """
        if self.total is False and error:
            # Disabled, indicate to re-raise the error.
            raise six.reraise(type(error), error, _stacktrace)
    
        total = self.total
        if total is not None:
            total -= 1
    
        connect = self.connect
        read = self.read
        redirect = self.redirect
        status_count = self.status
        other = self.other
        cause = "unknown"
        status = None
        redirect_location = None
    
        if error and self._is_connection_error(error):
            # Connect retry?
            if connect is False:
                raise six.reraise(type(error), error, _stacktrace)
            elif connect is not None:
                connect -= 1
    
        elif error and self._is_read_error(error):
            # Read retry?
            if read is False or not self._is_method_retryable(method):
                raise six.reraise(type(error), error, _stacktrace)
            elif read is not None:
                read -= 1
    
        elif error:
            # Other retry?
            if other is not None:
                other -= 1
    
        elif response and response.get_redirect_location():
            # Redirect retry?
            if redirect is not None:
                redirect -= 1
            cause = "too many redirects"
            redirect_location = response.get_redirect_location()
            status = response.status
    
        else:
            # Incrementing because of a server error like a 500 in
            # status_forcelist and the given method is in the allowed_methods
            cause = ResponseError.GENERIC_ERROR
            if response and response.status:
                if status_count is not None:
                    status_count -= 1
                cause = ResponseError.SPECIFIC_ERROR.format(status_code=response.status)
                status = response.status
    
        history = self.history + (
            RequestHistory(method, url, error, status, redirect_location),
        )
    
        new_retry = self.new(
            total=total,
            connect=connect,
            read=read,
            redirect=redirect,
            status=status_count,
            other=other,
            history=history,
        )
    
        if new_retry.is_exhausted():
>           raise MaxRetryError(_pool, url, error or ResponseError(cause))
E           urllib3.exceptions.MaxRetryError: HTTPSConnectionPool(host='ecommerce-chat-service.fly.dev', port=443): Max retries exceeded with url: /health (Caused by NewConnectionError('<urllib3.connection.HTTPSConnection object at 0x106d471d0>: Failed to establish a new connection: [Errno 8] nodename nor servname provided, or not known'))

/opt/homebrew/lib/python3.11/site-packages/urllib3/util/retry.py:594: MaxRetryError

During handling of the above exception, another exception occurred:

self = <test_chat.TestChatService testMethod=test_health_endpoint>

    def test_health_endpoint(self):
        """Test if the health endpoint is responding"""
        try:
>           response = requests.get(f"{self.base_url}/health", timeout=5)

tests/test_chat.py:18: 
_ _ _ _ _ _ _ _ _ _ _ _ _ _ _ _ _ _ _ _ _ _ _ _ _ _ _ _ _ _ _ _ _ _ _ _ _ _ _ _ 
/opt/homebrew/lib/python3.11/site-packages/requests/api.py:73: in get
    return request("get", url, params=params, **kwargs)
/opt/homebrew/lib/python3.11/site-packages/requests/api.py:59: in request
    return session.request(method=method, url=url, **kwargs)
/opt/homebrew/lib/python3.11/site-packages/requests/sessions.py:589: in request
    resp = self.send(prep, **send_kwargs)
/opt/homebrew/lib/python3.11/site-packages/requests/sessions.py:703: in send
    r = adapter.send(request, **kwargs)
_ _ _ _ _ _ _ _ _ _ _ _ _ _ _ _ _ _ _ _ _ _ _ _ _ _ _ _ _ _ _ _ _ _ _ _ _ _ _ _ 

self = <requests.adapters.HTTPAdapter object at 0x106d44f50>
request = <PreparedRequest [GET]>, stream = False
timeout = Timeout(connect=5, read=5, total=None), verify = True, cert = None
proxies = OrderedDict()

    def send(
        self, request, stream=False, timeout=None, verify=True, cert=None, proxies=None
    ):
        """Sends PreparedRequest object. Returns Response object.
    
        :param request: The :class:`PreparedRequest <PreparedRequest>` being sent.
        :param stream: (optional) Whether to stream the request content.
        :param timeout: (optional) How long to wait for the server to send
            data before giving up, as a float, or a :ref:`(connect timeout,
            read timeout) <timeouts>` tuple.
        :type timeout: float or tuple or urllib3 Timeout object
        :param verify: (optional) Either a boolean, in which case it controls whether
            we verify the server's TLS certificate, or a string, in which case it
            must be a path to a CA bundle to use
        :param cert: (optional) Any user-provided SSL certificate to be trusted.
        :param proxies: (optional) The proxies dictionary to apply to the request.
        :rtype: requests.Response
        """
    
        try:
            conn = self.get_connection(request.url, proxies)
        except LocationValueError as e:
            raise InvalidURL(e, request=request)
    
        self.cert_verify(conn, request.url, verify, cert)
        url = self.request_url(request, proxies)
        self.add_headers(
            request,
            stream=stream,
            timeout=timeout,
            verify=verify,
            cert=cert,
            proxies=proxies,
        )
    
        chunked = not (request.body is None or "Content-Length" in request.headers)
    
        if isinstance(timeout, tuple):
            try:
                connect, read = timeout
                timeout = TimeoutSauce(connect=connect, read=read)
            except ValueError:
                raise ValueError(
                    f"Invalid timeout {timeout}. Pass a (connect, read) timeout tuple, "
                    f"or a single float to set both timeouts to the same value."
                )
        elif isinstance(timeout, TimeoutSauce):
            pass
        else:
            timeout = TimeoutSauce(connect=timeout, read=timeout)
    
        try:
            resp = conn.urlopen(
                method=request.method,
                url=url,
                body=request.body,
                headers=request.headers,
                redirect=False,
                assert_same_host=False,
                preload_content=False,
                decode_content=False,
                retries=self.max_retries,
                timeout=timeout,
                chunked=chunked,
            )
    
        except (ProtocolError, OSError) as err:
            raise ConnectionError(err, request=request)
    
        except MaxRetryError as e:
            if isinstance(e.reason, ConnectTimeoutError):
                # TODO: Remove this in 3.0.0: see #2811
                if not isinstance(e.reason, NewConnectionError):
                    raise ConnectTimeout(e, request=request)
    
            if isinstance(e.reason, ResponseError):
                raise RetryError(e, request=request)
    
            if isinstance(e.reason, _ProxyError):
                raise ProxyError(e, request=request)
    
            if isinstance(e.reason, _SSLError):
                # This branch is for urllib3 v1.22 and later.
                raise SSLError(e, request=request)
    
>           raise ConnectionError(e, request=request)
E           requests.exceptions.ConnectionError: HTTPSConnectionPool(host='ecommerce-chat-service.fly.dev', port=443): Max retries exceeded with url: /health (Caused by NewConnectionError('<urllib3.connection.HTTPSConnection object at 0x106d471d0>: Failed to establish a new connection: [Errno 8] nodename nor servname provided, or not known'))

/opt/homebrew/lib/python3.11/site-packages/requests/adapters.py:519: ConnectionError

During handling of the above exception, another exception occurred:

self = <test_chat.TestChatService testMethod=test_health_endpoint>

    def test_health_endpoint(self):
        """Test if the health endpoint is responding"""
        try:
            response = requests.get(f"{self.base_url}/health", timeout=5)
            self.assertEqual(response.status_code, 200)
            data = response.json()
            self.assertEqual(data['status'], 'healthy')
            print("âœ… Health check passed")
        except requests.exceptions.RequestException as e:
>           self.fail(f"Health check failed: {str(e)}")
E           AssertionError: Health check failed: HTTPSConnectionPool(host='ecommerce-chat-service.fly.dev', port=443): Max retries exceeded with url: /health (Caused by NewConnectionError('<urllib3.connection.HTTPSConnection object at 0x106d471d0>: Failed to establish a new connection: [Errno 8] nodename nor servname provided, or not known'))

tests/test_chat.py:24: AssertionError
___________________ TestProductService.test_health_endpoint ____________________

self = <urllib3.connectionpool.HTTPSConnectionPool object at 0x106cab090>
conn = <urllib3.connection.HTTPSConnection object at 0x106caa550>
method = 'GET', url = '/health'
timeout = Timeout(connect=5, read=5, total=None), chunked = False
httplib_request_kw = {'body': None, 'headers': {'User-Agent': 'python-requests/2.31.0', 'Accept-Encoding': 'gzip, deflate', 'Accept': '*/*', 'Connection': 'keep-alive'}}
timeout_obj = Timeout(connect=5, read=5, total=None), read_timeout = 5

    def _make_request(
        self, conn, method, url, timeout=_Default, chunked=False, **httplib_request_kw
    ):
        """
        Perform a request on a given urllib connection object taken from our
        pool.
    
        :param conn:
            a connection from one of our connection pools
    
        :param timeout:
            Socket timeout in seconds for the request. This can be a
            float or integer, which will set the same timeout value for
            the socket connect and the socket read, or an instance of
            :class:`urllib3.util.Timeout`, which gives you more fine-grained
            control over your timeouts.
        """
        self.num_requests += 1
    
        timeout_obj = self._get_timeout(timeout)
        timeout_obj.start_connect()
        conn.timeout = Timeout.resolve_default_timeout(timeout_obj.connect_timeout)
    
        # Trigger any extra validation we need to do.
        try:
            self._validate_conn(conn)
        except (SocketTimeout, BaseSSLError) as e:
            # Py2 raises this as a BaseSSLError, Py3 raises it as socket timeout.
            self._raise_timeout(err=e, url=url, timeout_value=conn.timeout)
            raise
    
        # conn.request() calls http.client.*.request, not the method in
        # urllib3.request. It also calls makefile (recv) on the socket.
        try:
            if chunked:
                conn.request_chunked(method, url, **httplib_request_kw)
            else:
                conn.request(method, url, **httplib_request_kw)
    
        # We are swallowing BrokenPipeError (errno.EPIPE) since the server is
        # legitimately able to close the connection after sending a valid response.
        # With this behaviour, the received response is still readable.
        except BrokenPipeError:
            # Python 3
            pass
        except IOError as e:
            # Python 2 and macOS/Linux
            # EPIPE and ESHUTDOWN are BrokenPipeError on Python 2, and EPROTOTYPE/ECONNRESET are needed on macOS
            # https://erickt.github.io/blog/2014/11/19/adventures-in-debugging-a-potential-osx-kernel-bug/
            if e.errno not in {
                errno.EPIPE,
                errno.ESHUTDOWN,
                errno.EPROTOTYPE,
                errno.ECONNRESET,
            }:
                raise
    
        # Reset the timeout for the recv() on the socket
        read_timeout = timeout_obj.read_timeout
    
        # App Engine doesn't have a sock attr
        if getattr(conn, "sock", None):
            # In Python 3 socket.py will catch EAGAIN and return None when you
            # try and read into the file pointer created by http.client, which
            # instead raises a BadStatusLine exception. Instead of catching
            # the exception and assuming all BadStatusLine exceptions are read
            # timeouts, check for a zero timeout before making the request.
            if read_timeout == 0:
                raise ReadTimeoutError(
                    self, url, "Read timed out. (read timeout=%s)" % read_timeout
                )
            if read_timeout is Timeout.DEFAULT_TIMEOUT:
                conn.sock.settimeout(socket.getdefaulttimeout())
            else:  # None or a value
                conn.sock.settimeout(read_timeout)
    
        # Receive the response from the server
        try:
            try:
                # Python 2.7, use buffering of HTTP responses
                httplib_response = conn.getresponse(buffering=True)
            except TypeError:
                # Python 3
                try:
                    httplib_response = conn.getresponse()
                except BaseException as e:
                    # Remove the TypeError from the exception chain in
                    # Python 3 (including for exceptions like SystemExit).
                    # Otherwise it looks like a bug in the code.
>                   six.raise_from(e, None)

/opt/homebrew/lib/python3.11/site-packages/urllib3/connectionpool.py:468: 
_ _ _ _ _ _ _ _ _ _ _ _ _ _ _ _ _ _ _ _ _ _ _ _ _ _ _ _ _ _ _ _ _ _ _ _ _ _ _ _ 
/opt/homebrew/lib/python3.11/site-packages/urllib3/connectionpool.py:463: in _make_request
    httplib_response = conn.getresponse()
/opt/homebrew/Cellar/python@3.11/3.11.11/Frameworks/Python.framework/Versions/3.11/lib/python3.11/http/client.py:1395: in getresponse
    response.begin()
/opt/homebrew/Cellar/python@3.11/3.11.11/Frameworks/Python.framework/Versions/3.11/lib/python3.11/http/client.py:325: in begin
    version, status, reason = self._read_status()
/opt/homebrew/Cellar/python@3.11/3.11.11/Frameworks/Python.framework/Versions/3.11/lib/python3.11/http/client.py:286: in _read_status
    line = str(self.fp.readline(_MAXLINE + 1), "iso-8859-1")
/opt/homebrew/Cellar/python@3.11/3.11.11/Frameworks/Python.framework/Versions/3.11/lib/python3.11/socket.py:718: in readinto
    return self._sock.recv_into(b)
/opt/homebrew/Cellar/python@3.11/3.11.11/Frameworks/Python.framework/Versions/3.11/lib/python3.11/ssl.py:1314: in recv_into
    return self.read(nbytes, buffer)
_ _ _ _ _ _ _ _ _ _ _ _ _ _ _ _ _ _ _ _ _ _ _ _ _ _ _ _ _ _ _ _ _ _ _ _ _ _ _ _ 

self = <ssl.SSLSocket [closed] fd=-1, family=30, type=1, proto=0>, len = 8192
buffer = <memory at 0x10661ad40>

    def read(self, len=1024, buffer=None):
        """Read up to LEN bytes and return them.
        Return zero-length string on EOF."""
    
        self._checkClosed()
        if self._sslobj is None:
            raise ValueError("Read on closed or unwrapped SSL socket.")
        try:
            if buffer is not None:
>               return self._sslobj.read(len, buffer)
E               TimeoutError: The read operation timed out

/opt/homebrew/Cellar/python@3.11/3.11.11/Frameworks/Python.framework/Versions/3.11/lib/python3.11/ssl.py:1166: TimeoutError

During handling of the above exception, another exception occurred:

self = <requests.adapters.HTTPAdapter object at 0x106d17890>
request = <PreparedRequest [GET]>, stream = False
timeout = Timeout(connect=5, read=5, total=None), verify = True, cert = None
proxies = OrderedDict()

    def send(
        self, request, stream=False, timeout=None, verify=True, cert=None, proxies=None
    ):
        """Sends PreparedRequest object. Returns Response object.
    
        :param request: The :class:`PreparedRequest <PreparedRequest>` being sent.
        :param stream: (optional) Whether to stream the request content.
        :param timeout: (optional) How long to wait for the server to send
            data before giving up, as a float, or a :ref:`(connect timeout,
            read timeout) <timeouts>` tuple.
        :type timeout: float or tuple or urllib3 Timeout object
        :param verify: (optional) Either a boolean, in which case it controls whether
            we verify the server's TLS certificate, or a string, in which case it
            must be a path to a CA bundle to use
        :param cert: (optional) Any user-provided SSL certificate to be trusted.
        :param proxies: (optional) The proxies dictionary to apply to the request.
        :rtype: requests.Response
        """
    
        try:
            conn = self.get_connection(request.url, proxies)
        except LocationValueError as e:
            raise InvalidURL(e, request=request)
    
        self.cert_verify(conn, request.url, verify, cert)
        url = self.request_url(request, proxies)
        self.add_headers(
            request,
            stream=stream,
            timeout=timeout,
            verify=verify,
            cert=cert,
            proxies=proxies,
        )
    
        chunked = not (request.body is None or "Content-Length" in request.headers)
    
        if isinstance(timeout, tuple):
            try:
                connect, read = timeout
                timeout = TimeoutSauce(connect=connect, read=read)
            except ValueError:
                raise ValueError(
                    f"Invalid timeout {timeout}. Pass a (connect, read) timeout tuple, "
                    f"or a single float to set both timeouts to the same value."
                )
        elif isinstance(timeout, TimeoutSauce):
            pass
        else:
            timeout = TimeoutSauce(connect=timeout, read=timeout)
    
        try:
>           resp = conn.urlopen(
                method=request.method,
                url=url,
                body=request.body,
                headers=request.headers,
                redirect=False,
                assert_same_host=False,
                preload_content=False,
                decode_content=False,
                retries=self.max_retries,
                timeout=timeout,
                chunked=chunked,
            )

/opt/homebrew/lib/python3.11/site-packages/requests/adapters.py:486: 
_ _ _ _ _ _ _ _ _ _ _ _ _ _ _ _ _ _ _ _ _ _ _ _ _ _ _ _ _ _ _ _ _ _ _ _ _ _ _ _ 
/opt/homebrew/lib/python3.11/site-packages/urllib3/connectionpool.py:802: in urlopen
    retries = retries.increment(
/opt/homebrew/lib/python3.11/site-packages/urllib3/util/retry.py:552: in increment
    raise six.reraise(type(error), error, _stacktrace)
/opt/homebrew/lib/python3.11/site-packages/urllib3/packages/six.py:770: in reraise
    raise value
/opt/homebrew/lib/python3.11/site-packages/urllib3/connectionpool.py:716: in urlopen
    httplib_response = self._make_request(
/opt/homebrew/lib/python3.11/site-packages/urllib3/connectionpool.py:470: in _make_request
    self._raise_timeout(err=e, url=url, timeout_value=read_timeout)
_ _ _ _ _ _ _ _ _ _ _ _ _ _ _ _ _ _ _ _ _ _ _ _ _ _ _ _ _ _ _ _ _ _ _ _ _ _ _ _ 

self = <urllib3.connectionpool.HTTPSConnectionPool object at 0x106cab090>
err = TimeoutError('The read operation timed out'), url = '/health'
timeout_value = 5

    def _raise_timeout(self, err, url, timeout_value):
        """Is the error actually a timeout? Will raise a ReadTimeout or pass"""
    
        if isinstance(err, SocketTimeout):
>           raise ReadTimeoutError(
                self, url, "Read timed out. (read timeout=%s)" % timeout_value
            )
E           urllib3.exceptions.ReadTimeoutError: HTTPSConnectionPool(host='ecommerce-product-service-icy-voice-6206.fly.dev', port=443): Read timed out. (read timeout=5)

/opt/homebrew/lib/python3.11/site-packages/urllib3/connectionpool.py:358: ReadTimeoutError

During handling of the above exception, another exception occurred:

self = <test_products.TestProductService testMethod=test_health_endpoint>

    def test_health_endpoint(self):
        """Test if the health endpoint is responding"""
        try:
>           response = requests.get(f"{self.base_url}/health", timeout=5)

tests/test_products.py:18: 
_ _ _ _ _ _ _ _ _ _ _ _ _ _ _ _ _ _ _ _ _ _ _ _ _ _ _ _ _ _ _ _ _ _ _ _ _ _ _ _ 
/opt/homebrew/lib/python3.11/site-packages/requests/api.py:73: in get
    return request("get", url, params=params, **kwargs)
/opt/homebrew/lib/python3.11/site-packages/requests/api.py:59: in request
    return session.request(method=method, url=url, **kwargs)
/opt/homebrew/lib/python3.11/site-packages/requests/sessions.py:589: in request
    resp = self.send(prep, **send_kwargs)
/opt/homebrew/lib/python3.11/site-packages/requests/sessions.py:703: in send
    r = adapter.send(request, **kwargs)
_ _ _ _ _ _ _ _ _ _ _ _ _ _ _ _ _ _ _ _ _ _ _ _ _ _ _ _ _ _ _ _ _ _ _ _ _ _ _ _ 

self = <requests.adapters.HTTPAdapter object at 0x106d17890>
request = <PreparedRequest [GET]>, stream = False
timeout = Timeout(connect=5, read=5, total=None), verify = True, cert = None
proxies = OrderedDict()

    def send(
        self, request, stream=False, timeout=None, verify=True, cert=None, proxies=None
    ):
        """Sends PreparedRequest object. Returns Response object.
    
        :param request: The :class:`PreparedRequest <PreparedRequest>` being sent.
        :param stream: (optional) Whether to stream the request content.
        :param timeout: (optional) How long to wait for the server to send
            data before giving up, as a float, or a :ref:`(connect timeout,
            read timeout) <timeouts>` tuple.
        :type timeout: float or tuple or urllib3 Timeout object
        :param verify: (optional) Either a boolean, in which case it controls whether
            we verify the server's TLS certificate, or a string, in which case it
            must be a path to a CA bundle to use
        :param cert: (optional) Any user-provided SSL certificate to be trusted.
        :param proxies: (optional) The proxies dictionary to apply to the request.
        :rtype: requests.Response
        """
    
        try:
            conn = self.get_connection(request.url, proxies)
        except LocationValueError as e:
            raise InvalidURL(e, request=request)
    
        self.cert_verify(conn, request.url, verify, cert)
        url = self.request_url(request, proxies)
        self.add_headers(
            request,
            stream=stream,
            timeout=timeout,
            verify=verify,
            cert=cert,
            proxies=proxies,
        )
    
        chunked = not (request.body is None or "Content-Length" in request.headers)
    
        if isinstance(timeout, tuple):
            try:
                connect, read = timeout
                timeout = TimeoutSauce(connect=connect, read=read)
            except ValueError:
                raise ValueError(
                    f"Invalid timeout {timeout}. Pass a (connect, read) timeout tuple, "
                    f"or a single float to set both timeouts to the same value."
                )
        elif isinstance(timeout, TimeoutSauce):
            pass
        else:
            timeout = TimeoutSauce(connect=timeout, read=timeout)
    
        try:
            resp = conn.urlopen(
                method=request.method,
                url=url,
                body=request.body,
                headers=request.headers,
                redirect=False,
                assert_same_host=False,
                preload_content=False,
                decode_content=False,
                retries=self.max_retries,
                timeout=timeout,
                chunked=chunked,
            )
    
        except (ProtocolError, OSError) as err:
            raise ConnectionError(err, request=request)
    
        except MaxRetryError as e:
            if isinstance(e.reason, ConnectTimeoutError):
                # TODO: Remove this in 3.0.0: see #2811
                if not isinstance(e.reason, NewConnectionError):
                    raise ConnectTimeout(e, request=request)
    
            if isinstance(e.reason, ResponseError):
                raise RetryError(e, request=request)
    
            if isinstance(e.reason, _ProxyError):
                raise ProxyError(e, request=request)
    
            if isinstance(e.reason, _SSLError):
                # This branch is for urllib3 v1.22 and later.
                raise SSLError(e, request=request)
    
            raise ConnectionError(e, request=request)
    
        except ClosedPoolError as e:
            raise ConnectionError(e, request=request)
    
        except _ProxyError as e:
            raise ProxyError(e)
    
        except (_SSLError, _HTTPError) as e:
            if isinstance(e, _SSLError):
                # This branch is for urllib3 versions earlier than v1.22
                raise SSLError(e, request=request)
            elif isinstance(e, ReadTimeoutError):
>               raise ReadTimeout(e, request=request)
E               requests.exceptions.ReadTimeout: HTTPSConnectionPool(host='ecommerce-product-service-icy-voice-6206.fly.dev', port=443): Read timed out. (read timeout=5)

/opt/homebrew/lib/python3.11/site-packages/requests/adapters.py:532: ReadTimeout

During handling of the above exception, another exception occurred:

self = <test_products.TestProductService testMethod=test_health_endpoint>

    def test_health_endpoint(self):
        """Test if the health endpoint is responding"""
        try:
            response = requests.get(f"{self.base_url}/health", timeout=5)
            self.assertEqual(response.status_code, 200)
            data = response.json()
            self.assertEqual(data['status'], 'healthy')
            print("âœ… Health check passed")
        except requests.exceptions.RequestException as e:
>           self.fail(f"Health check failed: {str(e)}")
E           AssertionError: Health check failed: HTTPSConnectionPool(host='ecommerce-product-service-icy-voice-6206.fly.dev', port=443): Read timed out. (read timeout=5)

tests/test_products.py:24: AssertionError
___________________ TestProductService.test_search_endpoint ____________________

self = <urllib3.connectionpool.HTTPSConnectionPool object at 0x106e56590>
conn = <urllib3.connection.HTTPSConnection object at 0x106e56b50>
method = 'POST', url = '/search'
timeout = Timeout(connect=10, read=10, total=None), chunked = False
httplib_request_kw = {'body': b'{"query": "microphone", "top_k": 3}', 'headers': {'User-Agent': 'python-requests/2.31.0', 'Accept-Encoding'...ip, deflate', 'Accept': '*/*', 'Connection': 'keep-alive', 'Content-Length': '35', 'Content-Type': 'application/json'}}
timeout_obj = Timeout(connect=10, read=10, total=None), read_timeout = 10

    def _make_request(
        self, conn, method, url, timeout=_Default, chunked=False, **httplib_request_kw
    ):
        """
        Perform a request on a given urllib connection object taken from our
        pool.
    
        :param conn:
            a connection from one of our connection pools
    
        :param timeout:
            Socket timeout in seconds for the request. This can be a
            float or integer, which will set the same timeout value for
            the socket connect and the socket read, or an instance of
            :class:`urllib3.util.Timeout`, which gives you more fine-grained
            control over your timeouts.
        """
        self.num_requests += 1
    
        timeout_obj = self._get_timeout(timeout)
        timeout_obj.start_connect()
        conn.timeout = Timeout.resolve_default_timeout(timeout_obj.connect_timeout)
    
        # Trigger any extra validation we need to do.
        try:
            self._validate_conn(conn)
        except (SocketTimeout, BaseSSLError) as e:
            # Py2 raises this as a BaseSSLError, Py3 raises it as socket timeout.
            self._raise_timeout(err=e, url=url, timeout_value=conn.timeout)
            raise
    
        # conn.request() calls http.client.*.request, not the method in
        # urllib3.request. It also calls makefile (recv) on the socket.
        try:
            if chunked:
                conn.request_chunked(method, url, **httplib_request_kw)
            else:
                conn.request(method, url, **httplib_request_kw)
    
        # We are swallowing BrokenPipeError (errno.EPIPE) since the server is
        # legitimately able to close the connection after sending a valid response.
        # With this behaviour, the received response is still readable.
        except BrokenPipeError:
            # Python 3
            pass
        except IOError as e:
            # Python 2 and macOS/Linux
            # EPIPE and ESHUTDOWN are BrokenPipeError on Python 2, and EPROTOTYPE/ECONNRESET are needed on macOS
            # https://erickt.github.io/blog/2014/11/19/adventures-in-debugging-a-potential-osx-kernel-bug/
            if e.errno not in {
                errno.EPIPE,
                errno.ESHUTDOWN,
                errno.EPROTOTYPE,
                errno.ECONNRESET,
            }:
                raise
    
        # Reset the timeout for the recv() on the socket
        read_timeout = timeout_obj.read_timeout
    
        # App Engine doesn't have a sock attr
        if getattr(conn, "sock", None):
            # In Python 3 socket.py will catch EAGAIN and return None when you
            # try and read into the file pointer created by http.client, which
            # instead raises a BadStatusLine exception. Instead of catching
            # the exception and assuming all BadStatusLine exceptions are read
            # timeouts, check for a zero timeout before making the request.
            if read_timeout == 0:
                raise ReadTimeoutError(
                    self, url, "Read timed out. (read timeout=%s)" % read_timeout
                )
            if read_timeout is Timeout.DEFAULT_TIMEOUT:
                conn.sock.settimeout(socket.getdefaulttimeout())
            else:  # None or a value
                conn.sock.settimeout(read_timeout)
    
        # Receive the response from the server
        try:
            try:
                # Python 2.7, use buffering of HTTP responses
                httplib_response = conn.getresponse(buffering=True)
            except TypeError:
                # Python 3
                try:
                    httplib_response = conn.getresponse()
                except BaseException as e:
                    # Remove the TypeError from the exception chain in
                    # Python 3 (including for exceptions like SystemExit).
                    # Otherwise it looks like a bug in the code.
>                   six.raise_from(e, None)

/opt/homebrew/lib/python3.11/site-packages/urllib3/connectionpool.py:468: 
_ _ _ _ _ _ _ _ _ _ _ _ _ _ _ _ _ _ _ _ _ _ _ _ _ _ _ _ _ _ _ _ _ _ _ _ _ _ _ _ 
/opt/homebrew/lib/python3.11/site-packages/urllib3/connectionpool.py:463: in _make_request
    httplib_response = conn.getresponse()
/opt/homebrew/Cellar/python@3.11/3.11.11/Frameworks/Python.framework/Versions/3.11/lib/python3.11/http/client.py:1395: in getresponse
    response.begin()
/opt/homebrew/Cellar/python@3.11/3.11.11/Frameworks/Python.framework/Versions/3.11/lib/python3.11/http/client.py:325: in begin
    version, status, reason = self._read_status()
/opt/homebrew/Cellar/python@3.11/3.11.11/Frameworks/Python.framework/Versions/3.11/lib/python3.11/http/client.py:286: in _read_status
    line = str(self.fp.readline(_MAXLINE + 1), "iso-8859-1")
/opt/homebrew/Cellar/python@3.11/3.11.11/Frameworks/Python.framework/Versions/3.11/lib/python3.11/socket.py:718: in readinto
    return self._sock.recv_into(b)
/opt/homebrew/Cellar/python@3.11/3.11.11/Frameworks/Python.framework/Versions/3.11/lib/python3.11/ssl.py:1314: in recv_into
    return self.read(nbytes, buffer)
_ _ _ _ _ _ _ _ _ _ _ _ _ _ _ _ _ _ _ _ _ _ _ _ _ _ _ _ _ _ _ _ _ _ _ _ _ _ _ _ 

self = <ssl.SSLSocket [closed] fd=-1, family=30, type=1, proto=0>, len = 8192
buffer = <memory at 0x10661b4c0>

    def read(self, len=1024, buffer=None):
        """Read up to LEN bytes and return them.
        Return zero-length string on EOF."""
    
        self._checkClosed()
        if self._sslobj is None:
            raise ValueError("Read on closed or unwrapped SSL socket.")
        try:
            if buffer is not None:
>               return self._sslobj.read(len, buffer)
E               TimeoutError: The read operation timed out

/opt/homebrew/Cellar/python@3.11/3.11.11/Frameworks/Python.framework/Versions/3.11/lib/python3.11/ssl.py:1166: TimeoutError

During handling of the above exception, another exception occurred:

self = <requests.adapters.HTTPAdapter object at 0x1062a1190>
request = <PreparedRequest [POST]>, stream = False
timeout = Timeout(connect=10, read=10, total=None), verify = True, cert = None
proxies = OrderedDict()

    def send(
        self, request, stream=False, timeout=None, verify=True, cert=None, proxies=None
    ):
        """Sends PreparedRequest object. Returns Response object.
    
        :param request: The :class:`PreparedRequest <PreparedRequest>` being sent.
        :param stream: (optional) Whether to stream the request content.
        :param timeout: (optional) How long to wait for the server to send
            data before giving up, as a float, or a :ref:`(connect timeout,
            read timeout) <timeouts>` tuple.
        :type timeout: float or tuple or urllib3 Timeout object
        :param verify: (optional) Either a boolean, in which case it controls whether
            we verify the server's TLS certificate, or a string, in which case it
            must be a path to a CA bundle to use
        :param cert: (optional) Any user-provided SSL certificate to be trusted.
        :param proxies: (optional) The proxies dictionary to apply to the request.
        :rtype: requests.Response
        """
    
        try:
            conn = self.get_connection(request.url, proxies)
        except LocationValueError as e:
            raise InvalidURL(e, request=request)
    
        self.cert_verify(conn, request.url, verify, cert)
        url = self.request_url(request, proxies)
        self.add_headers(
            request,
            stream=stream,
            timeout=timeout,
            verify=verify,
            cert=cert,
            proxies=proxies,
        )
    
        chunked = not (request.body is None or "Content-Length" in request.headers)
    
        if isinstance(timeout, tuple):
            try:
                connect, read = timeout
                timeout = TimeoutSauce(connect=connect, read=read)
            except ValueError:
                raise ValueError(
                    f"Invalid timeout {timeout}. Pass a (connect, read) timeout tuple, "
                    f"or a single float to set both timeouts to the same value."
                )
        elif isinstance(timeout, TimeoutSauce):
            pass
        else:
            timeout = TimeoutSauce(connect=timeout, read=timeout)
    
        try:
>           resp = conn.urlopen(
                method=request.method,
                url=url,
                body=request.body,
                headers=request.headers,
                redirect=False,
                assert_same_host=False,
                preload_content=False,
                decode_content=False,
                retries=self.max_retries,
                timeout=timeout,
                chunked=chunked,
            )

/opt/homebrew/lib/python3.11/site-packages/requests/adapters.py:486: 
_ _ _ _ _ _ _ _ _ _ _ _ _ _ _ _ _ _ _ _ _ _ _ _ _ _ _ _ _ _ _ _ _ _ _ _ _ _ _ _ 
/opt/homebrew/lib/python3.11/site-packages/urllib3/connectionpool.py:802: in urlopen
    retries = retries.increment(
/opt/homebrew/lib/python3.11/site-packages/urllib3/util/retry.py:552: in increment
    raise six.reraise(type(error), error, _stacktrace)
/opt/homebrew/lib/python3.11/site-packages/urllib3/packages/six.py:770: in reraise
    raise value
/opt/homebrew/lib/python3.11/site-packages/urllib3/connectionpool.py:716: in urlopen
    httplib_response = self._make_request(
/opt/homebrew/lib/python3.11/site-packages/urllib3/connectionpool.py:470: in _make_request
    self._raise_timeout(err=e, url=url, timeout_value=read_timeout)
_ _ _ _ _ _ _ _ _ _ _ _ _ _ _ _ _ _ _ _ _ _ _ _ _ _ _ _ _ _ _ _ _ _ _ _ _ _ _ _ 

self = <urllib3.connectionpool.HTTPSConnectionPool object at 0x106e56590>
err = TimeoutError('The read operation timed out'), url = '/search'
timeout_value = 10

    def _raise_timeout(self, err, url, timeout_value):
        """Is the error actually a timeout? Will raise a ReadTimeout or pass"""
    
        if isinstance(err, SocketTimeout):
>           raise ReadTimeoutError(
                self, url, "Read timed out. (read timeout=%s)" % timeout_value
            )
E           urllib3.exceptions.ReadTimeoutError: HTTPSConnectionPool(host='ecommerce-product-service-icy-voice-6206.fly.dev', port=443): Read timed out. (read timeout=10)

/opt/homebrew/lib/python3.11/site-packages/urllib3/connectionpool.py:358: ReadTimeoutError

During handling of the above exception, another exception occurred:

self = <test_products.TestProductService testMethod=test_search_endpoint>

    def test_search_endpoint(self):
        """Test if the search endpoint is working"""
        try:
            payload = {'query': 'microphone', 'top_k': 3}
>           response = requests.post(f"{self.base_url}/search", json=payload, timeout=10)

tests/test_products.py:30: 
_ _ _ _ _ _ _ _ _ _ _ _ _ _ _ _ _ _ _ _ _ _ _ _ _ _ _ _ _ _ _ _ _ _ _ _ _ _ _ _ 
/opt/homebrew/lib/python3.11/site-packages/requests/api.py:115: in post
    return request("post", url, data=data, json=json, **kwargs)
/opt/homebrew/lib/python3.11/site-packages/requests/api.py:59: in request
    return session.request(method=method, url=url, **kwargs)
/opt/homebrew/lib/python3.11/site-packages/requests/sessions.py:589: in request
    resp = self.send(prep, **send_kwargs)
/opt/homebrew/lib/python3.11/site-packages/requests/sessions.py:703: in send
    r = adapter.send(request, **kwargs)
_ _ _ _ _ _ _ _ _ _ _ _ _ _ _ _ _ _ _ _ _ _ _ _ _ _ _ _ _ _ _ _ _ _ _ _ _ _ _ _ 

self = <requests.adapters.HTTPAdapter object at 0x1062a1190>
request = <PreparedRequest [POST]>, stream = False
timeout = Timeout(connect=10, read=10, total=None), verify = True, cert = None
proxies = OrderedDict()

    def send(
        self, request, stream=False, timeout=None, verify=True, cert=None, proxies=None
    ):
        """Sends PreparedRequest object. Returns Response object.
    
        :param request: The :class:`PreparedRequest <PreparedRequest>` being sent.
        :param stream: (optional) Whether to stream the request content.
        :param timeout: (optional) How long to wait for the server to send
            data before giving up, as a float, or a :ref:`(connect timeout,
            read timeout) <timeouts>` tuple.
        :type timeout: float or tuple or urllib3 Timeout object
        :param verify: (optional) Either a boolean, in which case it controls whether
            we verify the server's TLS certificate, or a string, in which case it
            must be a path to a CA bundle to use
        :param cert: (optional) Any user-provided SSL certificate to be trusted.
        :param proxies: (optional) The proxies dictionary to apply to the request.
        :rtype: requests.Response
        """
    
        try:
            conn = self.get_connection(request.url, proxies)
        except LocationValueError as e:
            raise InvalidURL(e, request=request)
    
        self.cert_verify(conn, request.url, verify, cert)
        url = self.request_url(request, proxies)
        self.add_headers(
            request,
            stream=stream,
            timeout=timeout,
            verify=verify,
            cert=cert,
            proxies=proxies,
        )
    
        chunked = not (request.body is None or "Content-Length" in request.headers)
    
        if isinstance(timeout, tuple):
            try:
                connect, read = timeout
                timeout = TimeoutSauce(connect=connect, read=read)
            except ValueError:
                raise ValueError(
                    f"Invalid timeout {timeout}. Pass a (connect, read) timeout tuple, "
                    f"or a single float to set both timeouts to the same value."
                )
        elif isinstance(timeout, TimeoutSauce):
            pass
        else:
            timeout = TimeoutSauce(connect=timeout, read=timeout)
    
        try:
            resp = conn.urlopen(
                method=request.method,
                url=url,
                body=request.body,
                headers=request.headers,
                redirect=False,
                assert_same_host=False,
                preload_content=False,
                decode_content=False,
                retries=self.max_retries,
                timeout=timeout,
                chunked=chunked,
            )
    
        except (ProtocolError, OSError) as err:
            raise ConnectionError(err, request=request)
    
        except MaxRetryError as e:
            if isinstance(e.reason, ConnectTimeoutError):
                # TODO: Remove this in 3.0.0: see #2811
                if not isinstance(e.reason, NewConnectionError):
                    raise ConnectTimeout(e, request=request)
    
            if isinstance(e.reason, ResponseError):
                raise RetryError(e, request=request)
    
            if isinstance(e.reason, _ProxyError):
                raise ProxyError(e, request=request)
    
            if isinstance(e.reason, _SSLError):
                # This branch is for urllib3 v1.22 and later.
                raise SSLError(e, request=request)
    
            raise ConnectionError(e, request=request)
    
        except ClosedPoolError as e:
            raise ConnectionError(e, request=request)
    
        except _ProxyError as e:
            raise ProxyError(e)
    
        except (_SSLError, _HTTPError) as e:
            if isinstance(e, _SSLError):
                # This branch is for urllib3 versions earlier than v1.22
                raise SSLError(e, request=request)
            elif isinstance(e, ReadTimeoutError):
>               raise ReadTimeout(e, request=request)
E               requests.exceptions.ReadTimeout: HTTPSConnectionPool(host='ecommerce-product-service-icy-voice-6206.fly.dev', port=443): Read timed out. (read timeout=10)

/opt/homebrew/lib/python3.11/site-packages/requests/adapters.py:532: ReadTimeout

During handling of the above exception, another exception occurred:

self = <test_products.TestProductService testMethod=test_search_endpoint>

    def test_search_endpoint(self):
        """Test if the search endpoint is working"""
        try:
            payload = {'query': 'microphone', 'top_k': 3}
            response = requests.post(f"{self.base_url}/search", json=payload, timeout=10)
            self.assertEqual(response.status_code, 200)
            data = response.json()
            print(f"âœ… Search endpoint returned {len(data)} results")
    
            # Print the first result for debugging
            if data:
                print(f"Sample result: {json.dumps(data[0], indent=2)}")
        except requests.exceptions.RequestException as e:
>           self.fail(f"Search endpoint test failed: {str(e)}")
E           AssertionError: Search endpoint test failed: HTTPSConnectionPool(host='ecommerce-product-service-icy-voice-6206.fly.dev', port=443): Read timed out. (read timeout=10)

tests/test_products.py:39: AssertionError
=========================== short test summary info ============================
FAILED tests/test_chat.py::TestChatService::test_chat_endpoint_order_query - ...
FAILED tests/test_chat.py::TestChatService::test_chat_endpoint_product_query
FAILED tests/test_chat.py::TestChatService::test_health_endpoint - AssertionE...
FAILED tests/test_products.py::TestProductService::test_health_endpoint - Ass...
FAILED tests/test_products.py::TestProductService::test_search_endpoint - Ass...
ERROR tests/test_connectivity.py::test_service_connectivity
==================== 5 failed, 2 passed, 1 error in 18.19s =====================
============================= test session starts ==============================
platform darwin -- Python 3.11.11, pytest-8.3.5, pluggy-1.5.0
rootdir: /Users/harshshroff/Library/Mobile Documents/com~apple~CloudDocs/Downloads/Ecommerce_Assistant_Challenge 2025
plugins: anyio-4.4.0
collected 8 items

tests/test_chat.py ...                                                   [ 37%]
tests/test_connectivity.py E                                             [ 50%]
tests/test_orders.py FF                                                  [ 75%]
tests/test_products.py FF                                                [100%]

==================================== ERRORS ====================================
_________________ ERROR at setup of test_service_connectivity __________________
file /Users/harshshroff/Library/Mobile Documents/com~apple~CloudDocs/Downloads/Ecommerce_Assistant_Challenge 2025/tests/test_connectivity.py, line 5
  def test_service_connectivity(service_name, url, endpoint="/health"):
E       fixture 'service_name' not found
>       available fixtures: anyio_backend, anyio_backend_name, anyio_backend_options, cache, capfd, capfdbinary, caplog, capsys, capsysbinary, doctest_namespace, monkeypatch, pytestconfig, record_property, record_testsuite_property, record_xml_attribute, recwarn, tmp_path, tmp_path_factory, tmpdir, tmpdir_factory
>       use 'pytest --fixtures [testpath]' for help on them.

/Users/harshshroff/Library/Mobile Documents/com~apple~CloudDocs/Downloads/Ecommerce_Assistant_Challenge 2025/tests/test_connectivity.py:5
=================================== FAILURES ===================================
____________________ TestOrderService.test_health_endpoint _____________________

self = <Response [200]>, kwargs = {}

    def json(self, **kwargs):
        r"""Returns the json-encoded content of a response, if any.
    
        :param \*\*kwargs: Optional arguments that ``json.loads`` takes.
        :raises requests.exceptions.JSONDecodeError: If the response body does not
            contain valid json.
        """
    
        if not self.encoding and self.content and len(self.content) > 3:
            # No encoding set. JSON RFC 4627 section 3 states we should expect
            # UTF-8, -16 or -32. Detect which one to use; If the detection or
            # decoding fails, fall back to `self.text` (using charset_normalizer to make
            # a best guess).
            encoding = guess_json_utf(self.content)
            if encoding is not None:
                try:
                    return complexjson.loads(self.content.decode(encoding), **kwargs)
                except UnicodeDecodeError:
                    # Wrong UTF codec detected; usually because it's not UTF-8
                    # but some other 8-bit codec.  This is an RFC violation,
                    # and the server didn't bother to tell us what codec *was*
                    # used.
                    pass
                except JSONDecodeError as e:
                    raise RequestsJSONDecodeError(e.msg, e.doc, e.pos)
    
        try:
>           return complexjson.loads(self.text, **kwargs)

/opt/homebrew/lib/python3.11/site-packages/requests/models.py:971: 
_ _ _ _ _ _ _ _ _ _ _ _ _ _ _ _ _ _ _ _ _ _ _ _ _ _ _ _ _ _ _ _ _ _ _ _ _ _ _ _ 
/opt/homebrew/Cellar/python@3.11/3.11.11/Frameworks/Python.framework/Versions/3.11/lib/python3.11/json/__init__.py:346: in loads
    return _default_decoder.decode(s)
/opt/homebrew/Cellar/python@3.11/3.11.11/Frameworks/Python.framework/Versions/3.11/lib/python3.11/json/decoder.py:337: in decode
    obj, end = self.raw_decode(s, idx=_w(s, 0).end())
_ _ _ _ _ _ _ _ _ _ _ _ _ _ _ _ _ _ _ _ _ _ _ _ _ _ _ _ _ _ _ _ _ _ _ _ _ _ _ _ 

self = <json.decoder.JSONDecoder object at 0x101a148d0>
s = '<!DOCTYPE html>\n<html lang="en">\n<head>\n</head>\n<body>\n<h1>Hello from Fly</h1>\n\n<h2>and hello to health</h2>\n\n</body>\n</html>\n'
idx = 0

    def raw_decode(self, s, idx=0):
        """Decode a JSON document from ``s`` (a ``str`` beginning with
        a JSON document) and return a 2-tuple of the Python
        representation and the index in ``s`` where the document ended.
    
        This can be used to decode a JSON document from a string that may
        have extraneous data at the end.
    
        """
        try:
            obj, end = self.scan_once(s, idx)
        except StopIteration as err:
>           raise JSONDecodeError("Expecting value", s, err.value) from None
E           json.decoder.JSONDecodeError: Expecting value: line 1 column 1 (char 0)

/opt/homebrew/Cellar/python@3.11/3.11.11/Frameworks/Python.framework/Versions/3.11/lib/python3.11/json/decoder.py:355: JSONDecodeError

During handling of the above exception, another exception occurred:

self = <test_orders.TestOrderService testMethod=test_health_endpoint>

    def test_health_endpoint(self):
        """Test if the health endpoint is responding"""
        try:
            response = requests.get(f"{self.base_url}/health", timeout=5)
            self.assertEqual(response.status_code, 200)
>           data = response.json()

tests/test_orders.py:20: 
_ _ _ _ _ _ _ _ _ _ _ _ _ _ _ _ _ _ _ _ _ _ _ _ _ _ _ _ _ _ _ _ _ _ _ _ _ _ _ _ 

self = <Response [200]>, kwargs = {}

    def json(self, **kwargs):
        r"""Returns the json-encoded content of a response, if any.
    
        :param \*\*kwargs: Optional arguments that ``json.loads`` takes.
        :raises requests.exceptions.JSONDecodeError: If the response body does not
            contain valid json.
        """
    
        if not self.encoding and self.content and len(self.content) > 3:
            # No encoding set. JSON RFC 4627 section 3 states we should expect
            # UTF-8, -16 or -32. Detect which one to use; If the detection or
            # decoding fails, fall back to `self.text` (using charset_normalizer to make
            # a best guess).
            encoding = guess_json_utf(self.content)
            if encoding is not None:
                try:
                    return complexjson.loads(self.content.decode(encoding), **kwargs)
                except UnicodeDecodeError:
                    # Wrong UTF codec detected; usually because it's not UTF-8
                    # but some other 8-bit codec.  This is an RFC violation,
                    # and the server didn't bother to tell us what codec *was*
                    # used.
                    pass
                except JSONDecodeError as e:
                    raise RequestsJSONDecodeError(e.msg, e.doc, e.pos)
    
        try:
            return complexjson.loads(self.text, **kwargs)
        except JSONDecodeError as e:
            # Catch JSON-related errors and raise as requests.JSONDecodeError
            # This aliases json.JSONDecodeError and simplejson.JSONDecodeError
>           raise RequestsJSONDecodeError(e.msg, e.doc, e.pos)
E           requests.exceptions.JSONDecodeError: Expecting value: line 1 column 1 (char 0)

/opt/homebrew/lib/python3.11/site-packages/requests/models.py:975: JSONDecodeError

During handling of the above exception, another exception occurred:

self = <test_orders.TestOrderService testMethod=test_health_endpoint>

    def test_health_endpoint(self):
        """Test if the health endpoint is responding"""
        try:
            response = requests.get(f"{self.base_url}/health", timeout=5)
            self.assertEqual(response.status_code, 200)
            data = response.json()
            self.assertEqual(data['status'], 'healthy')
            print("âœ… Health check passed")
        except requests.exceptions.RequestException as e:
>           self.fail(f"Health check failed: {str(e)}")
E           AssertionError: Health check failed: Expecting value: line 1 column 1 (char 0)

tests/test_orders.py:24: AssertionError
____________________ TestOrderService.test_orders_endpoint _____________________

self = <test_orders.TestOrderService testMethod=test_orders_endpoint>

    def test_orders_endpoint(self):
        """Test if the orders endpoint is working with a known customer ID"""
        try:
            customer_id = "37077"  # Known customer ID from the dataset
            response = requests.get(f"{self.base_url}/orders/{customer_id}", timeout=10)
>           self.assertEqual(response.status_code, 200)
E           AssertionError: 404 != 200

tests/test_orders.py:31: AssertionError
___________________ TestProductService.test_health_endpoint ____________________

self = <Response [200]>, kwargs = {}

    def json(self, **kwargs):
        r"""Returns the json-encoded content of a response, if any.
    
        :param \*\*kwargs: Optional arguments that ``json.loads`` takes.
        :raises requests.exceptions.JSONDecodeError: If the response body does not
            contain valid json.
        """
    
        if not self.encoding and self.content and len(self.content) > 3:
            # No encoding set. JSON RFC 4627 section 3 states we should expect
            # UTF-8, -16 or -32. Detect which one to use; If the detection or
            # decoding fails, fall back to `self.text` (using charset_normalizer to make
            # a best guess).
            encoding = guess_json_utf(self.content)
            if encoding is not None:
                try:
                    return complexjson.loads(self.content.decode(encoding), **kwargs)
                except UnicodeDecodeError:
                    # Wrong UTF codec detected; usually because it's not UTF-8
                    # but some other 8-bit codec.  This is an RFC violation,
                    # and the server didn't bother to tell us what codec *was*
                    # used.
                    pass
                except JSONDecodeError as e:
                    raise RequestsJSONDecodeError(e.msg, e.doc, e.pos)
    
        try:
>           return complexjson.loads(self.text, **kwargs)

/opt/homebrew/lib/python3.11/site-packages/requests/models.py:971: 
_ _ _ _ _ _ _ _ _ _ _ _ _ _ _ _ _ _ _ _ _ _ _ _ _ _ _ _ _ _ _ _ _ _ _ _ _ _ _ _ 
/opt/homebrew/Cellar/python@3.11/3.11.11/Frameworks/Python.framework/Versions/3.11/lib/python3.11/json/__init__.py:346: in loads
    return _default_decoder.decode(s)
/opt/homebrew/Cellar/python@3.11/3.11.11/Frameworks/Python.framework/Versions/3.11/lib/python3.11/json/decoder.py:337: in decode
    obj, end = self.raw_decode(s, idx=_w(s, 0).end())
_ _ _ _ _ _ _ _ _ _ _ _ _ _ _ _ _ _ _ _ _ _ _ _ _ _ _ _ _ _ _ _ _ _ _ _ _ _ _ _ 

self = <json.decoder.JSONDecoder object at 0x101a148d0>
s = '<!DOCTYPE html>\n<html lang="en">\n<head>\n</head>\n<body>\n<h1>Hello from Fly</h1>\n\n<h2>and hello to health</h2>\n\n</body>\n</html>\n'
idx = 0

    def raw_decode(self, s, idx=0):
        """Decode a JSON document from ``s`` (a ``str`` beginning with
        a JSON document) and return a 2-tuple of the Python
        representation and the index in ``s`` where the document ended.
    
        This can be used to decode a JSON document from a string that may
        have extraneous data at the end.
    
        """
        try:
            obj, end = self.scan_once(s, idx)
        except StopIteration as err:
>           raise JSONDecodeError("Expecting value", s, err.value) from None
E           json.decoder.JSONDecodeError: Expecting value: line 1 column 1 (char 0)

/opt/homebrew/Cellar/python@3.11/3.11.11/Frameworks/Python.framework/Versions/3.11/lib/python3.11/json/decoder.py:355: JSONDecodeError

During handling of the above exception, another exception occurred:

self = <test_products.TestProductService testMethod=test_health_endpoint>

    def test_health_endpoint(self):
        """Test if the health endpoint is responding"""
        try:
            response = requests.get(f"{self.base_url}/health", timeout=5)
            self.assertEqual(response.status_code, 200)
>           data = response.json()

tests/test_products.py:20: 
_ _ _ _ _ _ _ _ _ _ _ _ _ _ _ _ _ _ _ _ _ _ _ _ _ _ _ _ _ _ _ _ _ _ _ _ _ _ _ _ 

self = <Response [200]>, kwargs = {}

    def json(self, **kwargs):
        r"""Returns the json-encoded content of a response, if any.
    
        :param \*\*kwargs: Optional arguments that ``json.loads`` takes.
        :raises requests.exceptions.JSONDecodeError: If the response body does not
            contain valid json.
        """
    
        if not self.encoding and self.content and len(self.content) > 3:
            # No encoding set. JSON RFC 4627 section 3 states we should expect
            # UTF-8, -16 or -32. Detect which one to use; If the detection or
            # decoding fails, fall back to `self.text` (using charset_normalizer to make
            # a best guess).
            encoding = guess_json_utf(self.content)
            if encoding is not None:
                try:
                    return complexjson.loads(self.content.decode(encoding), **kwargs)
                except UnicodeDecodeError:
                    # Wrong UTF codec detected; usually because it's not UTF-8
                    # but some other 8-bit codec.  This is an RFC violation,
                    # and the server didn't bother to tell us what codec *was*
                    # used.
                    pass
                except JSONDecodeError as e:
                    raise RequestsJSONDecodeError(e.msg, e.doc, e.pos)
    
        try:
            return complexjson.loads(self.text, **kwargs)
        except JSONDecodeError as e:
            # Catch JSON-related errors and raise as requests.JSONDecodeError
            # This aliases json.JSONDecodeError and simplejson.JSONDecodeError
>           raise RequestsJSONDecodeError(e.msg, e.doc, e.pos)
E           requests.exceptions.JSONDecodeError: Expecting value: line 1 column 1 (char 0)

/opt/homebrew/lib/python3.11/site-packages/requests/models.py:975: JSONDecodeError

During handling of the above exception, another exception occurred:

self = <test_products.TestProductService testMethod=test_health_endpoint>

    def test_health_endpoint(self):
        """Test if the health endpoint is responding"""
        try:
            response = requests.get(f"{self.base_url}/health", timeout=5)
            self.assertEqual(response.status_code, 200)
            data = response.json()
            self.assertEqual(data['status'], 'healthy')
            print("âœ… Health check passed")
        except requests.exceptions.RequestException as e:
>           self.fail(f"Health check failed: {str(e)}")
E           AssertionError: Health check failed: Expecting value: line 1 column 1 (char 0)

tests/test_products.py:24: AssertionError
___________________ TestProductService.test_search_endpoint ____________________

self = <test_products.TestProductService testMethod=test_search_endpoint>

    def test_search_endpoint(self):
        """Test if the search endpoint is working"""
        try:
            payload = {'query': 'microphone', 'top_k': 3}
            response = requests.post(f"{self.base_url}/search", json=payload, timeout=10)
>           self.assertEqual(response.status_code, 200)
E           AssertionError: 404 != 200

tests/test_products.py:31: AssertionError
=========================== short test summary info ============================
FAILED tests/test_orders.py::TestOrderService::test_health_endpoint - Asserti...
FAILED tests/test_orders.py::TestOrderService::test_orders_endpoint - Asserti...
FAILED tests/test_products.py::TestProductService::test_health_endpoint - Ass...
FAILED tests/test_products.py::TestProductService::test_search_endpoint - Ass...
ERROR tests/test_connectivity.py::test_service_connectivity
===================== 4 failed, 3 passed, 1 error in 5.70s =====================
============================= test session starts ==============================
platform darwin -- Python 3.11.11, pytest-8.3.5, pluggy-1.5.0
rootdir: /Users/harshshroff/Library/Mobile Documents/com~apple~CloudDocs/Downloads/Ecommerce_Assistant_Challenge 2025
plugins: anyio-4.4.0
collected 8 items

tests/test_chat.py ...                                                   [ 37%]
tests/test_connectivity.py E                                             [ 50%]
tests/test_orders.py FF                                                  [ 75%]
tests/test_products.py FF                                                [100%]

==================================== ERRORS ====================================
_________________ ERROR at setup of test_service_connectivity __________________
file /Users/harshshroff/Library/Mobile Documents/com~apple~CloudDocs/Downloads/Ecommerce_Assistant_Challenge 2025/tests/test_connectivity.py, line 5
  def test_service_connectivity(service_name, url, endpoint="/health"):
E       fixture 'service_name' not found
>       available fixtures: anyio_backend, anyio_backend_name, anyio_backend_options, cache, capfd, capfdbinary, caplog, capsys, capsysbinary, doctest_namespace, monkeypatch, pytestconfig, record_property, record_testsuite_property, record_xml_attribute, recwarn, tmp_path, tmp_path_factory, tmpdir, tmpdir_factory
>       use 'pytest --fixtures [testpath]' for help on them.

/Users/harshshroff/Library/Mobile Documents/com~apple~CloudDocs/Downloads/Ecommerce_Assistant_Challenge 2025/tests/test_connectivity.py:5
=================================== FAILURES ===================================
____________________ TestOrderService.test_health_endpoint _____________________

self = <Response [200]>, kwargs = {}

    def json(self, **kwargs):
        r"""Returns the json-encoded content of a response, if any.
    
        :param \*\*kwargs: Optional arguments that ``json.loads`` takes.
        :raises requests.exceptions.JSONDecodeError: If the response body does not
            contain valid json.
        """
    
        if not self.encoding and self.content and len(self.content) > 3:
            # No encoding set. JSON RFC 4627 section 3 states we should expect
            # UTF-8, -16 or -32. Detect which one to use; If the detection or
            # decoding fails, fall back to `self.text` (using charset_normalizer to make
            # a best guess).
            encoding = guess_json_utf(self.content)
            if encoding is not None:
                try:
                    return complexjson.loads(self.content.decode(encoding), **kwargs)
                except UnicodeDecodeError:
                    # Wrong UTF codec detected; usually because it's not UTF-8
                    # but some other 8-bit codec.  This is an RFC violation,
                    # and the server didn't bother to tell us what codec *was*
                    # used.
                    pass
                except JSONDecodeError as e:
                    raise RequestsJSONDecodeError(e.msg, e.doc, e.pos)
    
        try:
>           return complexjson.loads(self.text, **kwargs)

/opt/homebrew/lib/python3.11/site-packages/requests/models.py:971: 
_ _ _ _ _ _ _ _ _ _ _ _ _ _ _ _ _ _ _ _ _ _ _ _ _ _ _ _ _ _ _ _ _ _ _ _ _ _ _ _ 
/opt/homebrew/Cellar/python@3.11/3.11.11/Frameworks/Python.framework/Versions/3.11/lib/python3.11/json/__init__.py:346: in loads
    return _default_decoder.decode(s)
/opt/homebrew/Cellar/python@3.11/3.11.11/Frameworks/Python.framework/Versions/3.11/lib/python3.11/json/decoder.py:337: in decode
    obj, end = self.raw_decode(s, idx=_w(s, 0).end())
_ _ _ _ _ _ _ _ _ _ _ _ _ _ _ _ _ _ _ _ _ _ _ _ _ _ _ _ _ _ _ _ _ _ _ _ _ _ _ _ 

self = <json.decoder.JSONDecoder object at 0x1019c6b10>
s = '<!DOCTYPE html>\n<html lang="en">\n<head>\n</head>\n<body>\n<h1>Hello from Fly</h1>\n\n<h2>and hello to health</h2>\n\n</body>\n</html>\n'
idx = 0

    def raw_decode(self, s, idx=0):
        """Decode a JSON document from ``s`` (a ``str`` beginning with
        a JSON document) and return a 2-tuple of the Python
        representation and the index in ``s`` where the document ended.
    
        This can be used to decode a JSON document from a string that may
        have extraneous data at the end.
    
        """
        try:
            obj, end = self.scan_once(s, idx)
        except StopIteration as err:
>           raise JSONDecodeError("Expecting value", s, err.value) from None
E           json.decoder.JSONDecodeError: Expecting value: line 1 column 1 (char 0)

/opt/homebrew/Cellar/python@3.11/3.11.11/Frameworks/Python.framework/Versions/3.11/lib/python3.11/json/decoder.py:355: JSONDecodeError

During handling of the above exception, another exception occurred:

self = <test_orders.TestOrderService testMethod=test_health_endpoint>

    def test_health_endpoint(self):
        """Test if the health endpoint is responding"""
        try:
            response = requests.get(f"{self.base_url}/health", timeout=5)
            self.assertEqual(response.status_code, 200)
>           data = response.json()

tests/test_orders.py:20: 
_ _ _ _ _ _ _ _ _ _ _ _ _ _ _ _ _ _ _ _ _ _ _ _ _ _ _ _ _ _ _ _ _ _ _ _ _ _ _ _ 

self = <Response [200]>, kwargs = {}

    def json(self, **kwargs):
        r"""Returns the json-encoded content of a response, if any.
    
        :param \*\*kwargs: Optional arguments that ``json.loads`` takes.
        :raises requests.exceptions.JSONDecodeError: If the response body does not
            contain valid json.
        """
    
        if not self.encoding and self.content and len(self.content) > 3:
            # No encoding set. JSON RFC 4627 section 3 states we should expect
            # UTF-8, -16 or -32. Detect which one to use; If the detection or
            # decoding fails, fall back to `self.text` (using charset_normalizer to make
            # a best guess).
            encoding = guess_json_utf(self.content)
            if encoding is not None:
                try:
                    return complexjson.loads(self.content.decode(encoding), **kwargs)
                except UnicodeDecodeError:
                    # Wrong UTF codec detected; usually because it's not UTF-8
                    # but some other 8-bit codec.  This is an RFC violation,
                    # and the server didn't bother to tell us what codec *was*
                    # used.
                    pass
                except JSONDecodeError as e:
                    raise RequestsJSONDecodeError(e.msg, e.doc, e.pos)
    
        try:
            return complexjson.loads(self.text, **kwargs)
        except JSONDecodeError as e:
            # Catch JSON-related errors and raise as requests.JSONDecodeError
            # This aliases json.JSONDecodeError and simplejson.JSONDecodeError
>           raise RequestsJSONDecodeError(e.msg, e.doc, e.pos)
E           requests.exceptions.JSONDecodeError: Expecting value: line 1 column 1 (char 0)

/opt/homebrew/lib/python3.11/site-packages/requests/models.py:975: JSONDecodeError

During handling of the above exception, another exception occurred:

self = <test_orders.TestOrderService testMethod=test_health_endpoint>

    def test_health_endpoint(self):
        """Test if the health endpoint is responding"""
        try:
            response = requests.get(f"{self.base_url}/health", timeout=5)
            self.assertEqual(response.status_code, 200)
            data = response.json()
            self.assertEqual(data['status'], 'healthy')
            print("âœ… Health check passed")
        except requests.exceptions.RequestException as e:
>           self.fail(f"Health check failed: {str(e)}")
E           AssertionError: Health check failed: Expecting value: line 1 column 1 (char 0)

tests/test_orders.py:24: AssertionError
____________________ TestOrderService.test_orders_endpoint _____________________

self = <test_orders.TestOrderService testMethod=test_orders_endpoint>

    def test_orders_endpoint(self):
        """Test if the orders endpoint is working with a known customer ID"""
        try:
            customer_id = "37077"  # Known customer ID from the dataset
            response = requests.get(f"{self.base_url}/orders/{customer_id}", timeout=10)
>           self.assertEqual(response.status_code, 200)
E           AssertionError: 404 != 200

tests/test_orders.py:31: AssertionError
___________________ TestProductService.test_health_endpoint ____________________

self = <Response [200]>, kwargs = {}

    def json(self, **kwargs):
        r"""Returns the json-encoded content of a response, if any.
    
        :param \*\*kwargs: Optional arguments that ``json.loads`` takes.
        :raises requests.exceptions.JSONDecodeError: If the response body does not
            contain valid json.
        """
    
        if not self.encoding and self.content and len(self.content) > 3:
            # No encoding set. JSON RFC 4627 section 3 states we should expect
            # UTF-8, -16 or -32. Detect which one to use; If the detection or
            # decoding fails, fall back to `self.text` (using charset_normalizer to make
            # a best guess).
            encoding = guess_json_utf(self.content)
            if encoding is not None:
                try:
                    return complexjson.loads(self.content.decode(encoding), **kwargs)
                except UnicodeDecodeError:
                    # Wrong UTF codec detected; usually because it's not UTF-8
                    # but some other 8-bit codec.  This is an RFC violation,
                    # and the server didn't bother to tell us what codec *was*
                    # used.
                    pass
                except JSONDecodeError as e:
                    raise RequestsJSONDecodeError(e.msg, e.doc, e.pos)
    
        try:
>           return complexjson.loads(self.text, **kwargs)

/opt/homebrew/lib/python3.11/site-packages/requests/models.py:971: 
_ _ _ _ _ _ _ _ _ _ _ _ _ _ _ _ _ _ _ _ _ _ _ _ _ _ _ _ _ _ _ _ _ _ _ _ _ _ _ _ 
/opt/homebrew/Cellar/python@3.11/3.11.11/Frameworks/Python.framework/Versions/3.11/lib/python3.11/json/__init__.py:346: in loads
    return _default_decoder.decode(s)
/opt/homebrew/Cellar/python@3.11/3.11.11/Frameworks/Python.framework/Versions/3.11/lib/python3.11/json/decoder.py:337: in decode
    obj, end = self.raw_decode(s, idx=_w(s, 0).end())
_ _ _ _ _ _ _ _ _ _ _ _ _ _ _ _ _ _ _ _ _ _ _ _ _ _ _ _ _ _ _ _ _ _ _ _ _ _ _ _ 

self = <json.decoder.JSONDecoder object at 0x1019c6b10>
s = '<!DOCTYPE html>\n<html lang="en">\n<head>\n</head>\n<body>\n<h1>Hello from Fly</h1>\n\n<h2>and hello to health</h2>\n\n</body>\n</html>\n'
idx = 0

    def raw_decode(self, s, idx=0):
        """Decode a JSON document from ``s`` (a ``str`` beginning with
        a JSON document) and return a 2-tuple of the Python
        representation and the index in ``s`` where the document ended.
    
        This can be used to decode a JSON document from a string that may
        have extraneous data at the end.
    
        """
        try:
            obj, end = self.scan_once(s, idx)
        except StopIteration as err:
>           raise JSONDecodeError("Expecting value", s, err.value) from None
E           json.decoder.JSONDecodeError: Expecting value: line 1 column 1 (char 0)

/opt/homebrew/Cellar/python@3.11/3.11.11/Frameworks/Python.framework/Versions/3.11/lib/python3.11/json/decoder.py:355: JSONDecodeError

During handling of the above exception, another exception occurred:

self = <test_products.TestProductService testMethod=test_health_endpoint>

    def test_health_endpoint(self):
        """Test if the health endpoint is responding"""
        try:
            response = requests.get(f"{self.base_url}/health", timeout=5)
            self.assertEqual(response.status_code, 200)
>           data = response.json()

tests/test_products.py:20: 
_ _ _ _ _ _ _ _ _ _ _ _ _ _ _ _ _ _ _ _ _ _ _ _ _ _ _ _ _ _ _ _ _ _ _ _ _ _ _ _ 

self = <Response [200]>, kwargs = {}

    def json(self, **kwargs):
        r"""Returns the json-encoded content of a response, if any.
    
        :param \*\*kwargs: Optional arguments that ``json.loads`` takes.
        :raises requests.exceptions.JSONDecodeError: If the response body does not
            contain valid json.
        """
    
        if not self.encoding and self.content and len(self.content) > 3:
            # No encoding set. JSON RFC 4627 section 3 states we should expect
            # UTF-8, -16 or -32. Detect which one to use; If the detection or
            # decoding fails, fall back to `self.text` (using charset_normalizer to make
            # a best guess).
            encoding = guess_json_utf(self.content)
            if encoding is not None:
                try:
                    return complexjson.loads(self.content.decode(encoding), **kwargs)
                except UnicodeDecodeError:
                    # Wrong UTF codec detected; usually because it's not UTF-8
                    # but some other 8-bit codec.  This is an RFC violation,
                    # and the server didn't bother to tell us what codec *was*
                    # used.
                    pass
                except JSONDecodeError as e:
                    raise RequestsJSONDecodeError(e.msg, e.doc, e.pos)
    
        try:
            return complexjson.loads(self.text, **kwargs)
        except JSONDecodeError as e:
            # Catch JSON-related errors and raise as requests.JSONDecodeError
            # This aliases json.JSONDecodeError and simplejson.JSONDecodeError
>           raise RequestsJSONDecodeError(e.msg, e.doc, e.pos)
E           requests.exceptions.JSONDecodeError: Expecting value: line 1 column 1 (char 0)

/opt/homebrew/lib/python3.11/site-packages/requests/models.py:975: JSONDecodeError

During handling of the above exception, another exception occurred:

self = <test_products.TestProductService testMethod=test_health_endpoint>

    def test_health_endpoint(self):
        """Test if the health endpoint is responding"""
        try:
            response = requests.get(f"{self.base_url}/health", timeout=5)
            self.assertEqual(response.status_code, 200)
            data = response.json()
            self.assertEqual(data['status'], 'healthy')
            print("âœ… Health check passed")
        except requests.exceptions.RequestException as e:
>           self.fail(f"Health check failed: {str(e)}")
E           AssertionError: Health check failed: Expecting value: line 1 column 1 (char 0)

tests/test_products.py:24: AssertionError
___________________ TestProductService.test_search_endpoint ____________________

self = <test_products.TestProductService testMethod=test_search_endpoint>

    def test_search_endpoint(self):
        """Test if the search endpoint is working"""
        try:
            payload = {'query': 'microphone', 'top_k': 3}
            response = requests.post(f"{self.base_url}/search", json=payload, timeout=10)
>           self.assertEqual(response.status_code, 200)
E           AssertionError: 404 != 200

tests/test_products.py:31: AssertionError
=========================== short test summary info ============================
FAILED tests/test_orders.py::TestOrderService::test_health_endpoint - Asserti...
FAILED tests/test_orders.py::TestOrderService::test_orders_endpoint - Asserti...
FAILED tests/test_products.py::TestProductService::test_health_endpoint - Ass...
FAILED tests/test_products.py::TestProductService::test_search_endpoint - Ass...
ERROR tests/test_connectivity.py::test_service_connectivity
===================== 4 failed, 3 passed, 1 error in 5.71s =====================
